2024-11-23 18:40:32,690 [ERROR] from com.jpro.meta.stream.FXSerializer$$anon$1 in JavaFX Application Thread - couldn't wrap node ... class: javafx.scene.AmbientLight ... javafx.scene.LightBase
2024-11-23 18:40:33,677 [WARN] from com.jpro.JS in JavaFX Application Thread - received msg: unknown blendmode: DSRC_ATOP
2024-11-23 18:40:33,716 [WARN] from com.jpro.JS in JavaFX Application Thread - received msg: unimplemented node type: UnknownPart(NodePart(OwnExtension(ID(410),ID(411),ID(412),ID(413),ID(414),ID(415),ID(416),None,ID(417),ID(418)),ID(419),ID(420),ID(421),ID(422),ID(423),ID(424),ID(425),ID(426),ID(427),ID(428),ID(429),ID(430),ID(431),ID(432),ID(433),ID(434)),class: javafx.scene.AmbientLight ... javafx.scene.LightBase) (id: 435 token: UnknownPart(NodePart(OwnExtension(ID(410),ID(411),ID(412),ID(413),ID(414),ID(415),ID(416),None,ID(417),ID(418)),ID(419),ID(420),ID(421),ID(422),ID(423),ID(424),ID(425),ID(426),ID(427),ID(428),ID(429),ID(430),ID(431),ID(432),ID(433),ID(434)),class: javafx.scene.AmbientLight ... javafx.scene.LightBase))
2024-11-23 18:40:38,979 [WARN] from com.jpro.JS in JavaFX Application Thread - received msg: unknown blendmode: DSRC_ATOP
2024-11-23 18:45:04,463 [ERROR] from com.jpro.meta.stream.FXSerializer$$anon$1 in JavaFX Application Thread - couldn't wrap node ... class: javafx.scene.AmbientLight ... javafx.scene.LightBase
2024-11-23 18:45:05,160 [WARN] from com.jpro.JS in JavaFX Application Thread - received msg: unknown blendmode: DSRC_ATOP
2024-11-23 18:45:05,185 [WARN] from com.jpro.JS in JavaFX Application Thread - received msg: unimplemented node type: UnknownPart(NodePart(OwnExtension(ID(410),ID(411),ID(412),ID(413),ID(414),ID(415),ID(416),None,ID(417),ID(418)),ID(419),ID(420),ID(421),ID(422),ID(423),ID(424),ID(425),ID(426),ID(427),ID(428),ID(429),ID(430),ID(431),ID(432),ID(433),ID(434)),class: javafx.scene.AmbientLight ... javafx.scene.LightBase) (id: 435 token: UnknownPart(NodePart(OwnExtension(ID(410),ID(411),ID(412),ID(413),ID(414),ID(415),ID(416),None,ID(417),ID(418)),ID(419),ID(420),ID(421),ID(422),ID(423),ID(424),ID(425),ID(426),ID(427),ID(428),ID(429),ID(430),ID(431),ID(432),ID(433),ID(434)),class: javafx.scene.AmbientLight ... javafx.scene.LightBase))
2024-11-23 18:45:11,646 [WARN] from com.jpro.JS in JavaFX Application Thread - received msg: unknown blendmode: DSRC_ATOP
2024-11-23 18:45:15,097 [ERROR] from com.jpro.meta.stream.FXSerializer$$anon$1 in JavaFX Application Thread - couldn't wrap node ... class: javafx.scene.AmbientLight ... javafx.scene.LightBase
2024-11-23 18:45:15,211 [WARN] from com.jpro.JS in JavaFX Application Thread - received msg: unknown blendmode: DSRC_ATOP
2024-11-23 18:45:15,219 [WARN] from com.jpro.JS in JavaFX Application Thread - received msg: unimplemented node type: UnknownPart(NodePart(OwnExtension(ID(3561),ID(3562),ID(3563),ID(3564),ID(3565),ID(3566),ID(3567),None,ID(3568),ID(3569)),ID(3570),ID(3571),ID(3572),ID(3573),ID(3574),ID(3575),ID(3576),ID(3577),ID(3578),ID(3579),ID(3580),ID(3581),ID(3582),ID(3583),ID(3584),ID(3585)),class: javafx.scene.AmbientLight ... javafx.scene.LightBase) (id: 3586 token: UnknownPart(NodePart(OwnExtension(ID(3561),ID(3562),ID(3563),ID(3564),ID(3565),ID(3566),ID(3567),None,ID(3568),ID(3569)),ID(3570),ID(3571),ID(3572),ID(3573),ID(3574),ID(3575),ID(3576),ID(3577),ID(3578),ID(3579),ID(3580),ID(3581),ID(3582),ID(3583),ID(3584),ID(3585)),class: javafx.scene.AmbientLight ... javafx.scene.LightBase))
2024-11-23 18:45:16,253 [WARN] from com.jpro.JS in JavaFX Application Thread - received msg: unknown blendmode: DSRC_ATOP
2024-11-23 18:45:18,265 [ERROR] from com.jpro.JS in JavaFX Application Thread - received msg: got error: scala.scalajs.js.JavaScriptException: TypeError: Cannot read properties of null (reading 'Y')
2024-11-23 18:48:42,754 [ERROR] from com.jpro.internal.communicator.InstanceImpl in JavaFX Application Thread - Error while starting application: 
javafx.fxml.LoadException: Pane is not a valid type.
/C:/Users/ZaBaDeV/Documents/GitHub/PracticaUniversaeFX/PracticasUniversaeFX/target/classes/com/myproyectodam/demo/Primary.fxml:27

	at javafx.fxml.FXMLLoader.constructLoadException(FXMLLoader.java:2723)
	at javafx.fxml.FXMLLoader.createElement(FXMLLoader.java:2925)
	at javafx.fxml.FXMLLoader.processStartElement(FXMLLoader.java:2855)
	at javafx.fxml.FXMLLoader.loadImpl(FXMLLoader.java:2654)
	at javafx.fxml.FXMLLoader.loadImpl(FXMLLoader.java:2568)
	at javafx.fxml.FXMLLoader.load(FXMLLoader.java:2536)
	at com.myproyectodam.demo.App.loadFXML(App.java:60)
	at com.myproyectodam.demo.App.start(App.java:24)
	at com.jpro.internal.config.ApplicationStarter$.$anonfun$startJApplication$1(ApplicationStarter.scala:133)
	at com.jpro.internal.config.ApplicationStarter$.$anonfun$startJApplication$1$adapted(ApplicationStarter.scala:130)
	at com.jpro.internal.communicator.InstanceImpl.start(InstanceImpl.scala:49)
	at com.jpro.internal.communicator.InstanceImpl.$anonfun$new$2(InstanceImpl.scala:41)
	at scala.runtime.java8.JFunction0$mcV$sp.apply(JFunction0$mcV$sp.java:23)
	at simplefx.cores.standard.parts.CoreTimeEvent.doIt$lzycompute$1(CoreTimeEvent.scala:147)
	at simplefx.cores.standard.parts.CoreTimeEvent.doIt$1(CoreTimeEvent.scala:145)
	at simplefx.cores.standard.parts.CoreTimeEvent.$anonfun$runOnceWhen$2(CoreTimeEvent.scala:149)
	at simplefx.cores.standard.parts.CoreTimeEvent.$anonfun$runOnceWhen$2$adapted(CoreTimeEvent.scala:149)
	at simplefx.cores.standard.parts.CoreTypesBindable$BindableImpl.$anonfun$triggerOnChange$3(CoreTypesBindable.scala:208)
	at simplefx.cores.standard.parts.CoreScheduler.runSchedulerImpl(CoreScheduler.scala:73)
	at simplefx.cores.standard.parts.CoreScheduler.runSchedulerImpl$(CoreScheduler.scala:52)
	at simplefx.cores.standard.Core.runSchedulerImpl(Core.scala:9)
	at simplefx.cores.standard.parts.CoreScheduler.tryStartSchedulerStop(CoreScheduler.scala:44)
	at simplefx.cores.standard.parts.CoreScheduler.tryStartSchedulerStop$(CoreScheduler.scala:42)
	at simplefx.cores.standard.Core.tryStartSchedulerStop(Core.scala:9)
	at com.jpro.internal.server.ViewSerializerActor$$anonfun$handleFirstClientMessage$1.$anonfun$applyOrElse$2(ViewSerializerActor.scala:74)
	at simplefx.cores.standard.parts.CoreTimeEvent$$anon$3.run(CoreTimeEvent.scala:62)
	at com.sun.javafx.application.PlatformImpl.lambda$runLater$10(PlatformImpl.java:457)
	at java.base/java.security.AccessController.doPrivileged(AccessController.java:400)
	at com.sun.javafx.application.PlatformImpl.lambda$runLater$11(PlatformImpl.java:456)
	at com.sun.glass.ui.monocle.RunnableProcessor.runLoop(RunnableProcessor.java:92)
	at com.sun.glass.ui.monocle.RunnableProcessor.run(RunnableProcessor.java:51)
	at java.base/java.lang.Thread.run(Thread.java:1570)
2024-11-23 18:48:42,757 [WARN] from com.jpro.internal.communicator.InstanceImpl in JavaFX Application Thread - Application didn't show the stage. JPro is now calling show()
2024-11-23 19:18:42,647 [ERROR] from com.jpro.meta.stream.FXSerializer$$anon$1 in JavaFX Application Thread - couldn't wrap node ... class: javafx.scene.AmbientLight ... javafx.scene.LightBase
2024-11-23 19:18:43,449 [WARN] from com.jpro.JS in JavaFX Application Thread - received msg: unknown blendmode: DSRC_ATOP
2024-11-23 19:18:43,480 [WARN] from com.jpro.JS in JavaFX Application Thread - received msg: unimplemented node type: UnknownPart(NodePart(OwnExtension(ID(410),ID(411),ID(412),ID(413),ID(414),ID(415),ID(416),None,ID(417),ID(418)),ID(419),ID(420),ID(421),ID(422),ID(423),ID(424),ID(425),ID(426),ID(427),ID(428),ID(429),ID(430),ID(431),ID(432),ID(433),ID(434)),class: javafx.scene.AmbientLight ... javafx.scene.LightBase) (id: 435 token: UnknownPart(NodePart(OwnExtension(ID(410),ID(411),ID(412),ID(413),ID(414),ID(415),ID(416),None,ID(417),ID(418)),ID(419),ID(420),ID(421),ID(422),ID(423),ID(424),ID(425),ID(426),ID(427),ID(428),ID(429),ID(430),ID(431),ID(432),ID(433),ID(434)),class: javafx.scene.AmbientLight ... javafx.scene.LightBase))
2024-11-23 19:18:54,056 [WARN] from com.jpro.JS in JavaFX Application Thread - received msg: unknown blendmode: DSRC_ATOP
2024-11-23 19:19:01,665 [ERROR] from com.jpro.meta.stream.FXSerializer$$anon$1 in JavaFX Application Thread - couldn't wrap node ... class: javafx.scene.AmbientLight ... javafx.scene.LightBase
2024-11-23 19:19:01,792 [WARN] from com.jpro.JS in JavaFX Application Thread - received msg: unknown blendmode: DSRC_ATOP
2024-11-23 19:19:01,802 [WARN] from com.jpro.JS in JavaFX Application Thread - received msg: unimplemented node type: UnknownPart(NodePart(OwnExtension(ID(2556),ID(2557),ID(2558),ID(2559),ID(2560),ID(2561),ID(2562),None,ID(2563),ID(2564)),ID(2565),ID(2566),ID(2567),ID(2568),ID(2569),ID(2570),ID(2571),ID(2572),ID(2573),ID(2574),ID(2575),ID(2576),ID(2577),ID(2578),ID(2579),ID(2580)),class: javafx.scene.AmbientLight ... javafx.scene.LightBase) (id: 2581 token: UnknownPart(NodePart(OwnExtension(ID(2556),ID(2557),ID(2558),ID(2559),ID(2560),ID(2561),ID(2562),None,ID(2563),ID(2564)),ID(2565),ID(2566),ID(2567),ID(2568),ID(2569),ID(2570),ID(2571),ID(2572),ID(2573),ID(2574),ID(2575),ID(2576),ID(2577),ID(2578),ID(2579),ID(2580)),class: javafx.scene.AmbientLight ... javafx.scene.LightBase))
2024-11-23 19:19:56,942 [ERROR] from com.jpro.JS in JavaFX Application Thread - received msg: got error: scala.scalajs.js.JavaScriptException: TypeError: Cannot read properties of null (reading 'Y')
2024-11-23 19:20:58,256 [ERROR] from com.jpro.meta.stream.FXSerializer$$anon$1 in JavaFX Application Thread - couldn't wrap node ... class: javafx.scene.AmbientLight ... javafx.scene.LightBase
2024-11-23 19:20:58,421 [WARN] from com.jpro.JS in JavaFX Application Thread - received msg: unknown blendmode: DSRC_ATOP
2024-11-23 19:20:58,451 [WARN] from com.jpro.JS in JavaFX Application Thread - received msg: unimplemented node type: UnknownPart(NodePart(OwnExtension(ID(410),ID(411),ID(412),ID(413),ID(414),ID(415),ID(416),None,ID(417),ID(418)),ID(419),ID(420),ID(421),ID(422),ID(423),ID(424),ID(425),ID(426),ID(427),ID(428),ID(429),ID(430),ID(431),ID(432),ID(433),ID(434)),class: javafx.scene.AmbientLight ... javafx.scene.LightBase) (id: 435 token: UnknownPart(NodePart(OwnExtension(ID(410),ID(411),ID(412),ID(413),ID(414),ID(415),ID(416),None,ID(417),ID(418)),ID(419),ID(420),ID(421),ID(422),ID(423),ID(424),ID(425),ID(426),ID(427),ID(428),ID(429),ID(430),ID(431),ID(432),ID(433),ID(434)),class: javafx.scene.AmbientLight ... javafx.scene.LightBase))
2024-11-23 19:21:04,137 [WARN] from com.jpro.JS in JavaFX Application Thread - received msg: unknown blendmode: DSRC_ATOP
2024-11-23 19:24:06,250 [ERROR] from com.jpro.meta.stream.FXSerializer$$anon$1 in JavaFX Application Thread - couldn't wrap node ... class: javafx.scene.AmbientLight ... javafx.scene.LightBase
2024-11-23 19:24:06,864 [WARN] from com.jpro.JS in JavaFX Application Thread - received msg: unknown blendmode: DSRC_ATOP
2024-11-23 19:24:06,893 [WARN] from com.jpro.JS in JavaFX Application Thread - received msg: unimplemented node type: UnknownPart(NodePart(OwnExtension(ID(410),ID(411),ID(412),ID(413),ID(414),ID(415),ID(416),None,ID(417),ID(418)),ID(419),ID(420),ID(421),ID(422),ID(423),ID(424),ID(425),ID(426),ID(427),ID(428),ID(429),ID(430),ID(431),ID(432),ID(433),ID(434)),class: javafx.scene.AmbientLight ... javafx.scene.LightBase) (id: 435 token: UnknownPart(NodePart(OwnExtension(ID(410),ID(411),ID(412),ID(413),ID(414),ID(415),ID(416),None,ID(417),ID(418)),ID(419),ID(420),ID(421),ID(422),ID(423),ID(424),ID(425),ID(426),ID(427),ID(428),ID(429),ID(430),ID(431),ID(432),ID(433),ID(434)),class: javafx.scene.AmbientLight ... javafx.scene.LightBase))
2024-11-23 19:24:14,013 [WARN] from com.jpro.JS in JavaFX Application Thread - received msg: unknown blendmode: DSRC_ATOP
2024-11-23 19:24:47,024 [ERROR] from com.jpro.meta.stream.FXSerializer$$anon$1 in JavaFX Application Thread - couldn't wrap node ... class: javafx.scene.AmbientLight ... javafx.scene.LightBase
2024-11-23 19:24:47,217 [WARN] from com.jpro.JS in JavaFX Application Thread - received msg: unknown blendmode: DSRC_ATOP
2024-11-23 19:24:47,228 [WARN] from com.jpro.JS in JavaFX Application Thread - received msg: unimplemented node type: UnknownPart(NodePart(OwnExtension(ID(2405),ID(2406),ID(2407),ID(2408),ID(2409),ID(2410),ID(2411),None,ID(2412),ID(2413)),ID(2414),ID(2415),ID(2416),ID(2417),ID(2418),ID(2419),ID(2420),ID(2421),ID(2422),ID(2423),ID(2424),ID(2425),ID(2426),ID(2427),ID(2428),ID(2429)),class: javafx.scene.AmbientLight ... javafx.scene.LightBase) (id: 2430 token: UnknownPart(NodePart(OwnExtension(ID(2405),ID(2406),ID(2407),ID(2408),ID(2409),ID(2410),ID(2411),None,ID(2412),ID(2413)),ID(2414),ID(2415),ID(2416),ID(2417),ID(2418),ID(2419),ID(2420),ID(2421),ID(2422),ID(2423),ID(2424),ID(2425),ID(2426),ID(2427),ID(2428),ID(2429)),class: javafx.scene.AmbientLight ... javafx.scene.LightBase))
2024-11-23 19:32:37,997 [ERROR] from com.jpro.meta.stream.FXSerializer$$anon$1 in JavaFX Application Thread - couldn't wrap node ... class: javafx.scene.AmbientLight ... javafx.scene.LightBase
2024-11-23 19:32:38,688 [WARN] from com.jpro.JS in JavaFX Application Thread - received msg: unknown blendmode: DSRC_ATOP
2024-11-23 19:32:38,713 [WARN] from com.jpro.JS in JavaFX Application Thread - received msg: unimplemented node type: UnknownPart(NodePart(OwnExtension(ID(410),ID(411),ID(412),ID(413),ID(414),ID(415),ID(416),None,ID(417),ID(418)),ID(419),ID(420),ID(421),ID(422),ID(423),ID(424),ID(425),ID(426),ID(427),ID(428),ID(429),ID(430),ID(431),ID(432),ID(433),ID(434)),class: javafx.scene.AmbientLight ... javafx.scene.LightBase) (id: 435 token: UnknownPart(NodePart(OwnExtension(ID(410),ID(411),ID(412),ID(413),ID(414),ID(415),ID(416),None,ID(417),ID(418)),ID(419),ID(420),ID(421),ID(422),ID(423),ID(424),ID(425),ID(426),ID(427),ID(428),ID(429),ID(430),ID(431),ID(432),ID(433),ID(434)),class: javafx.scene.AmbientLight ... javafx.scene.LightBase))
2024-11-23 19:32:47,686 [WARN] from com.jpro.JS in JavaFX Application Thread - received msg: unknown blendmode: DSRC_ATOP
2024-11-23 19:32:56,401 [ERROR] from com.jpro.meta.stream.FXSerializer$$anon$1 in JavaFX Application Thread - couldn't wrap node ... class: javafx.scene.AmbientLight ... javafx.scene.LightBase
2024-11-23 19:32:56,543 [WARN] from com.jpro.JS in JavaFX Application Thread - received msg: unknown blendmode: DSRC_ATOP
2024-11-23 19:32:56,551 [WARN] from com.jpro.JS in JavaFX Application Thread - received msg: unimplemented node type: UnknownPart(NodePart(OwnExtension(ID(2577),ID(2578),ID(2579),ID(2580),ID(2581),ID(2582),ID(2583),None,ID(2584),ID(2585)),ID(2586),ID(2587),ID(2588),ID(2589),ID(2590),ID(2591),ID(2592),ID(2593),ID(2594),ID(2595),ID(2596),ID(2597),ID(2598),ID(2599),ID(2600),ID(2601)),class: javafx.scene.AmbientLight ... javafx.scene.LightBase) (id: 2602 token: UnknownPart(NodePart(OwnExtension(ID(2577),ID(2578),ID(2579),ID(2580),ID(2581),ID(2582),ID(2583),None,ID(2584),ID(2585)),ID(2586),ID(2587),ID(2588),ID(2589),ID(2590),ID(2591),ID(2592),ID(2593),ID(2594),ID(2595),ID(2596),ID(2597),ID(2598),ID(2599),ID(2600),ID(2601)),class: javafx.scene.AmbientLight ... javafx.scene.LightBase))
2024-11-23 19:32:58,223 [WARN] from com.jpro.JS in JavaFX Application Thread - received msg: unknown blendmode: DSRC_ATOP
2024-11-23 19:33:01,409 [ERROR] from com.jpro.meta.stream.FXSerializer$$anon$1 in JavaFX Application Thread - couldn't wrap node ... class: javafx.scene.AmbientLight ... javafx.scene.LightBase
2024-11-23 19:33:01,534 [WARN] from com.jpro.JS in JavaFX Application Thread - received msg: unknown blendmode: DSRC_ATOP
2024-11-23 19:33:01,541 [WARN] from com.jpro.JS in JavaFX Application Thread - received msg: unimplemented node type: UnknownPart(NodePart(OwnExtension(ID(4680),ID(4681),ID(4682),ID(4683),ID(4684),ID(4685),ID(4686),None,ID(4687),ID(4688)),ID(4689),ID(4690),ID(4691),ID(4692),ID(4693),ID(4694),ID(4695),ID(4696),ID(4697),ID(4698),ID(4699),ID(4700),ID(4701),ID(4702),ID(4703),ID(4704)),class: javafx.scene.AmbientLight ... javafx.scene.LightBase) (id: 4705 token: UnknownPart(NodePart(OwnExtension(ID(4680),ID(4681),ID(4682),ID(4683),ID(4684),ID(4685),ID(4686),None,ID(4687),ID(4688)),ID(4689),ID(4690),ID(4691),ID(4692),ID(4693),ID(4694),ID(4695),ID(4696),ID(4697),ID(4698),ID(4699),ID(4700),ID(4701),ID(4702),ID(4703),ID(4704)),class: javafx.scene.AmbientLight ... javafx.scene.LightBase))
2024-11-23 19:33:26,172 [ERROR] from com.jpro.JS in JavaFX Application Thread - received msg: got error: scala.scalajs.js.JavaScriptException: TypeError: Cannot read properties of null (reading 'Y')
