2024-11-23 18:40:10,839 [INFO] in AsyncAppender-Worker-ASYNCSTDOUT - [[34mINFO [0;39m] c.jpro.activity - Starting the server - AsyncAppender-Worker-ASYNCSTDOUT
2024-11-23 18:40:10,840 [INFO] in AsyncAppender-Worker-ASYNCSTDOUT - [[34mINFO [0;39m] c.j.i.s.JProInitializer$ -  *** Starting JPro: https://www.jpro.one/ *** - AsyncAppender-Worker-ASYNCSTDOUT
2024-11-23 18:40:10,841 [INFO] in AsyncAppender-Worker-ASYNCSTDOUT - [[34mINFO [0;39m] c.j.i.s.JProInitializer$ - OS: Windows 10 - AsyncAppender-Worker-ASYNCSTDOUT
2024-11-23 18:40:10,877 [INFO] in AsyncAppender-Worker-ASYNCSTDOUT - [[34mINFO [0;39m] c.j.i.s.JProInitializer$ - JPro: 2024.4.1 - AsyncAppender-Worker-ASYNCSTDOUT
2024-11-23 18:40:10,877 [INFO] in AsyncAppender-Worker-ASYNCSTDOUT - [[34mINFO [0;39m] c.j.i.s.JProInitializer$ - Java version: 22.0.2 - AsyncAppender-Worker-ASYNCSTDOUT
2024-11-23 18:40:10,878 [INFO] in AsyncAppender-Worker-ASYNCSTDOUT - [[34mINFO [0;39m] c.j.i.s.JProInitializer$ - JVM: 22.0.2 Oracle Corporation - AsyncAppender-Worker-ASYNCSTDOUT
2024-11-23 18:40:10,886 [INFO] in AsyncAppender-Worker-ASYNCSTDOUT - [[34mINFO [0;39m] c.j.i.s.JProInitializer$ - JavaFX jar: file:/C:/Users/ZaBaDeV/.m2/repository/org/openjfx/javafx-graphics/23.0.1-jpro/javafx-graphics-23.0.1-jpro-win.jar - AsyncAppender-Worker-ASYNCSTDOUT
2024-11-23 18:40:10,892 [INFO] in AsyncAppender-Worker-ASYNCSTDOUT - [[34mINFO [0;39m] c.j.i.s.JProInitializer$ - Configuring logging from url: 'jar:file:/C:/Users/ZaBaDeV/.m2/repository/one/jpro/jpro-server_2.12/2024.4.1/jpro-server_2.12-2024.4.1.jar!/logback-jpro-default.xml' - AsyncAppender-Worker-ASYNCSTDOUT
2024-11-23 18:40:13,294 [INFO] in AsyncAppender-Worker-ASYNCSTDOUT - [[34mINFO [0;39m] c.j.i.s.JProInitializer$ - JavaFX version: 23.0.1-jpro+0 - AsyncAppender-Worker-ASYNCSTDOUT
2024-11-23 18:40:13,441 [INFO] in JavaFX Application Thread - G1 Young Generation - JavaFX Application Thread
2024-11-23 18:40:13,441 [INFO] in JavaFX Application Thread - G1 Concurrent GC - JavaFX Application Thread
2024-11-23 18:40:13,442 [INFO] in JavaFX Application Thread - G1 Old Generation - JavaFX Application Thread
2024-11-23 18:40:13,496 [INFO] in AsyncAppender-Worker-ASYNCSTDOUT - [[34mINFO [0;39m] c.j.i.s.JProInitializer$ - finished init! - AsyncAppender-Worker-ASYNCSTDOUT
2024-11-23 18:40:13,499 [INFO] in AsyncAppender-Worker-ASYNCSTDOUT - [[34mINFO [0;39m] c.j.i.s.JProInitializer$ - [JPro] -> Server started: {start_time: 1732383610784, os_name: Windows 10, jpro_version: 2024.4.1} - AsyncAppender-Worker-ASYNCSTDOUT
2024-11-23 18:40:14,161 [INFO] in AsyncAppender-Worker-ASYNCSTDOUT - [[34mINFO [0;39m] a.e.s.Slf4jLogger - Slf4jLogger started - AsyncAppender-Worker-ASYNCSTDOUT
2024-11-23 18:40:16,300 [INFO] in AsyncAppender-Worker-ASYNCSTDOUT - [[34mINFO [0;39m] play.api.Play - Application started (Prod) (no global state) - AsyncAppender-Worker-ASYNCSTDOUT
2024-11-23 18:40:18,288 [INFO] in AsyncAppender-Worker-ASYNCSTDOUT - [[34mINFO [0;39m] p.c.s.AkkaHttpServer - Enabling HTTP/2 on Akka HTTP server... - AsyncAppender-Worker-ASYNCSTDOUT
2024-11-23 18:40:18,290 [INFO] in AsyncAppender-Worker-ASYNCSTDOUT - [[34mINFO [0;39m] p.c.s.AkkaHttpServer - Listening for HTTP on /[0:0:0:0:0:0:0:0]:8080 - AsyncAppender-Worker-ASYNCSTDOUT
2024-11-23 18:40:25,131 [INFO] in AsyncAppender-Worker-ASYNCSTDOUT - [[34mINFO [0;39m] c.jpro - application requested: default params: Map() - AsyncAppender-Worker-ASYNCSTDOUT
2024-11-23 18:40:25,144 [INFO] in AsyncAppender-Worker-ASYNCSTDOUT - [[34mINFO [0;39m] c.jpro - Creating Application: default - AsyncAppender-Worker-ASYNCSTDOUT
2024-11-23 18:40:25,158 [INFO] in AsyncAppender-Worker-ASYNCSTDOUT - [[34mINFO [0;39m] c.jpro - remoteAddress 0:0:0:0:0:0:0:1 - AsyncAppender-Worker-ASYNCSTDOUT
2024-11-23 18:40:25,158 [INFO] in AsyncAppender-Worker-ASYNCSTDOUT - [[34mINFO [0;39m] c.jpro - host          localhost:8080 - AsyncAppender-Worker-ASYNCSTDOUT
2024-11-23 18:40:25,158 [INFO] in AsyncAppender-Worker-ASYNCSTDOUT - [[34mINFO [0;39m] c.jpro - uri           /app/ws/default - AsyncAppender-Worker-ASYNCSTDOUT
2024-11-23 18:40:29,779 [INFO] in AsyncAppender-Worker-ASYNCSTDOUT - [[34mINFO [0;39m] c.j.i.s.ViewInfo$ - [JPro] -> View created: {app_name: default, host_name: localhost:8080, instance_id: 1213850210, browser: Google Chrome 131.0.0.0, browser_url: http://localhost:8080/, client_ip: 0:0:0:0:0:0:0:1} - AsyncAppender-Worker-ASYNCSTDOUT
2024-11-23 18:40:31,776 [INFO] in AsyncAppender-Worker-ASYNCSTDOUT - [[34mINFO [0;39m] c.j.i.c.InstanceImpl - [JPro] -> Instance created: {app_name: default, host_name: localhost:8080, instance_id: 1213850210, browser: Google Chrome 131.0.0.0, browser_url: http://localhost:8080/, client_ip: 0:0:0:0:0:0:0:1} - AsyncAppender-Worker-ASYNCSTDOUT
2024-11-23 18:40:32,696 [INFO] in AsyncAppender-Worker-ASYNCSTDOUT - [[1;31mERROR[0;39m] c.j.m.s.FXSerializer$$anon$1 - couldn't wrap node ... class: javafx.scene.AmbientLight ... javafx.scene.LightBase - AsyncAppender-Worker-ASYNCSTDOUT
2024-11-23 18:40:33,681 [INFO] in AsyncAppender-Worker-ASYNCSTDOUT - [[31mWARN [0;39m] com.jpro.JS - received msg: unknown blendmode: DSRC_ATOP - AsyncAppender-Worker-ASYNCSTDOUT
2024-11-23 18:40:33,717 [INFO] in AsyncAppender-Worker-ASYNCSTDOUT - [[31mWARN [0;39m] com.jpro.JS - received msg: unimplemented node type: UnknownPart(NodePart(OwnExtension(ID(410),ID(411),ID(412),ID(413),ID(414),ID(415),ID(416),None,ID(417),ID(418)),ID(419),ID(420),ID(421),ID(422),ID(423),ID(424),ID(425),ID(426),ID(427),ID(428),ID(429),ID(430),ID(431),ID(432),ID(433),ID(434)),class: javafx.scene.AmbientLight ... javafx.scene.LightBase) (id: 435 token: UnknownPart(NodePart(OwnExtension(ID(410),ID(411),ID(412),ID(413),ID(414),ID(415),ID(416),None,ID(417),ID(418)),ID(419),ID(420),ID(421),ID(422),ID(423),ID(424),ID(425),ID(426),ID(427),ID(428),ID(429),ID(430),ID(431),ID(432),ID(433),ID(434)),class: javafx.scene.AmbientLight ... javafx.scene.LightBase)) - AsyncAppender-Worker-ASYNCSTDOUT
2024-11-23 18:40:38,980 [INFO] in AsyncAppender-Worker-ASYNCSTDOUT - [[31mWARN [0;39m] com.jpro.JS - received msg: unknown blendmode: DSRC_ATOP - AsyncAppender-Worker-ASYNCSTDOUT
2024-11-23 18:40:40,706 [INFO] in AsyncAppender-Worker-ASYNCSTDOUT - [[34mINFO [0;39m] c.j.i.s.ViewInfo$ - [JPro] -> View closed: {app_name: default, host_name: localhost:8080, instance_id: 1213850210, browser: Google Chrome 131.0.0.0, browser_url: http://localhost:8080/, client_ip: 0:0:0:0:0:0:0:1, reason: tab-closed} - AsyncAppender-Worker-ASYNCSTDOUT
2024-11-23 18:40:40,714 [INFO] in AsyncAppender-Worker-ASYNCSTDOUT - [[34mINFO [0;39m] c.j.i.s.ViewInfo$ -  - AsyncAppender-Worker-ASYNCSTDOUT
2024-11-23 18:40:40,714 [INFO] in AsyncAppender-Worker-ASYNCSTDOUT - [[34mINFO [0;39m] c.j.i.s.ViewInfo$ - Application closed: - AsyncAppender-Worker-ASYNCSTDOUT
2024-11-23 18:40:40,726 [INFO] in AsyncAppender-Worker-ASYNCSTDOUT - [[34mINFO [0;39m] c.j.i.s.ViewInfo$ - startTime      : Sat Nov 23 18:40:40 CET 2024       - AsyncAppender-Worker-ASYNCSTDOUT
2024-11-23 18:40:40,727 [INFO] in AsyncAppender-Worker-ASYNCSTDOUT - [[34mINFO [0;39m] c.j.i.s.ViewInfo$ - averageLatency : 00:00:00.038  - AsyncAppender-Worker-ASYNCSTDOUT
2024-11-23 18:40:40,727 [INFO] in AsyncAppender-Worker-ASYNCSTDOUT - [[34mINFO [0;39m] c.j.i.s.ViewInfo$ - averageJitter  : 00:00:00.052   - AsyncAppender-Worker-ASYNCSTDOUT
2024-11-23 18:40:40,729 [INFO] in AsyncAppender-Worker-ASYNCSTDOUT - [[34mINFO [0;39m] c.j.i.s.ViewInfo$ - framerateServer: 00:00:00.000 - AsyncAppender-Worker-ASYNCSTDOUT
2024-11-23 18:40:40,730 [INFO] in AsyncAppender-Worker-ASYNCSTDOUT - [[34mINFO [0;39m] c.j.i.s.ViewInfo$ - framerateClient: 00:00:00.000 - AsyncAppender-Worker-ASYNCSTDOUT
2024-11-23 18:40:40,731 [INFO] in AsyncAppender-Worker-ASYNCSTDOUT - [[34mINFO [0;39m] c.j.i.s.ViewInfo$ - raw            : 187129 - AsyncAppender-Worker-ASYNCSTDOUT
2024-11-23 18:40:40,731 [INFO] in AsyncAppender-Worker-ASYNCSTDOUT - [[34mINFO [0;39m] c.j.i.s.ViewInfo$ - zipped         : 48365 - AsyncAppender-Worker-ASYNCSTDOUT
2024-11-23 18:40:40,731 [INFO] in AsyncAppender-Worker-ASYNCSTDOUT - [[34mINFO [0;39m] c.j.i.s.ViewInfo$ -  - AsyncAppender-Worker-ASYNCSTDOUT
2024-11-23 18:40:41,701 [INFO] in AsyncAppender-Worker-ASYNCSTDOUT - [[34mINFO [0;39m] c.j.i.c.InstanceImpl - [JPro] -> Instance closed: {app_name: default, host_name: localhost:8080, instance_id: 1213850210, browser: Google Chrome 131.0.0.0, browser_url: http://localhost:8080/, client_ip: 0:0:0:0:0:0:0:1, reason: close-tab-closed} - AsyncAppender-Worker-ASYNCSTDOUT
2024-11-23 18:40:45,171 [INFO] in AsyncAppender-Worker-ASYNCSTDOUT - [[34mINFO [0;39m] c.j.i.s.JProInitializer$ - Parent process is not alive anymore. Shutting down. - AsyncAppender-Worker-ASYNCSTDOUT
2024-11-23 18:40:45,176 [INFO] in AsyncAppender-Worker-ASYNCSTDOUT - [[34mINFO [0;39m] p.a.i.l.c.CoordinatedShutdownSupport - Starting synchronous coordinated shutdown with ServerStoppedReason reason and 2147508000 milliseconds timeout - AsyncAppender-Worker-ASYNCSTDOUT
2024-11-23 18:40:45,180 [INFO] in AsyncAppender-Worker-ASYNCSTDOUT - [[34mINFO [0;39m] a.a.CoordinatedShutdown - Running CoordinatedShutdown with reason [ServerStoppedReason] - AsyncAppender-Worker-ASYNCSTDOUT
2024-11-23 18:40:45,183 [INFO] in AsyncAppender-Worker-ASYNCSTDOUT - [[34mINFO [0;39m] p.c.s.AkkaHttpServer - Stopping Akka HTTP server... - AsyncAppender-Worker-ASYNCSTDOUT
2024-11-23 18:40:45,195 [INFO] in AsyncAppender-Worker-ASYNCSTDOUT - [[34mINFO [0;39m] p.c.s.AkkaHttpServer - Terminating server binding for /[0:0:0:0:0:0:0:0]:8080 - AsyncAppender-Worker-ASYNCSTDOUT
2024-11-23 18:40:45,217 [INFO] in AsyncAppender-Worker-ASYNCSTDOUT - [[34mINFO [0;39m] p.c.s.AkkaHttpServer - Running provided shutdown stop hooks - AsyncAppender-Worker-ASYNCSTDOUT
2024-11-23 18:40:45,224 [INFO] in AsyncAppender-Worker-ASYNCSTDOUT - [[34mINFO [0;39m] c.j.i.s.JProInitializer$ - [JPro] -> Server stopped: {running_time: 34.381s, instances_count: 0, views_count: 0, os_name: Windows 10, jpro_version: 2024.4.1, reason: jvm-shutdown} - AsyncAppender-Worker-ASYNCSTDOUT
2024-11-23 18:40:45,224 [INFO] in AsyncAppender-Worker-ASYNCSTDOUT - [[34mINFO [0;39m] c.jpro.activity - Closing the server -> used memory: 74 MB  -  free system memory: 729 MB - AsyncAppender-Worker-ASYNCSTDOUT
2024-11-23 18:44:48,256 [INFO] in AsyncAppender-Worker-ASYNCSTDOUT - [[34mINFO [0;39m] c.jpro.activity - Starting the server - AsyncAppender-Worker-ASYNCSTDOUT
2024-11-23 18:44:48,259 [INFO] in AsyncAppender-Worker-ASYNCSTDOUT - [[34mINFO [0;39m] c.j.i.s.JProInitializer$ -  *** Starting JPro: https://www.jpro.one/ *** - AsyncAppender-Worker-ASYNCSTDOUT
2024-11-23 18:44:48,260 [INFO] in AsyncAppender-Worker-ASYNCSTDOUT - [[34mINFO [0;39m] c.j.i.s.JProInitializer$ - OS: Windows 10 - AsyncAppender-Worker-ASYNCSTDOUT
2024-11-23 18:44:48,260 [INFO] in AsyncAppender-Worker-ASYNCSTDOUT - [[34mINFO [0;39m] c.j.i.s.JProInitializer$ - JPro: 2024.4.1 - AsyncAppender-Worker-ASYNCSTDOUT
2024-11-23 18:44:48,261 [INFO] in AsyncAppender-Worker-ASYNCSTDOUT - [[34mINFO [0;39m] c.j.i.s.JProInitializer$ - Java version: 22.0.2 - AsyncAppender-Worker-ASYNCSTDOUT
2024-11-23 18:44:48,261 [INFO] in AsyncAppender-Worker-ASYNCSTDOUT - [[34mINFO [0;39m] c.j.i.s.JProInitializer$ - JVM: 22.0.2 Oracle Corporation - AsyncAppender-Worker-ASYNCSTDOUT
2024-11-23 18:44:48,261 [INFO] in AsyncAppender-Worker-ASYNCSTDOUT - [[34mINFO [0;39m] c.j.i.s.JProInitializer$ - JavaFX jar: file:/C:/Users/ZaBaDeV/.m2/repository/org/openjfx/javafx-graphics/23.0.1-jpro/javafx-graphics-23.0.1-jpro-win.jar - AsyncAppender-Worker-ASYNCSTDOUT
2024-11-23 18:44:48,264 [INFO] in AsyncAppender-Worker-ASYNCSTDOUT - [[34mINFO [0;39m] c.j.i.s.JProInitializer$ - Configuring logging from url: 'jar:file:/C:/Users/ZaBaDeV/.m2/repository/one/jpro/jpro-server_2.12/2024.4.1/jpro-server_2.12-2024.4.1.jar!/logback-jpro-default.xml' - AsyncAppender-Worker-ASYNCSTDOUT
2024-11-23 18:44:50,451 [INFO] in AsyncAppender-Worker-ASYNCSTDOUT - [[34mINFO [0;39m] c.j.i.s.JProInitializer$ - JavaFX version: 23.0.1-jpro+0 - AsyncAppender-Worker-ASYNCSTDOUT
2024-11-23 18:44:50,552 [INFO] in JavaFX Application Thread - G1 Young Generation - JavaFX Application Thread
2024-11-23 18:44:50,553 [INFO] in JavaFX Application Thread - G1 Concurrent GC - JavaFX Application Thread
2024-11-23 18:44:50,554 [INFO] in JavaFX Application Thread - G1 Old Generation - JavaFX Application Thread
2024-11-23 18:44:50,604 [INFO] in AsyncAppender-Worker-ASYNCSTDOUT - [[34mINFO [0;39m] c.j.i.s.JProInitializer$ - finished init! - AsyncAppender-Worker-ASYNCSTDOUT
2024-11-23 18:44:50,609 [INFO] in AsyncAppender-Worker-ASYNCSTDOUT - [[34mINFO [0;39m] c.j.i.s.JProInitializer$ - [JPro] -> Server started: {start_time: 1732383888171, os_name: Windows 10, jpro_version: 2024.4.1} - AsyncAppender-Worker-ASYNCSTDOUT
2024-11-23 18:44:51,076 [INFO] in AsyncAppender-Worker-ASYNCSTDOUT - [[34mINFO [0;39m] a.e.s.Slf4jLogger - Slf4jLogger started - AsyncAppender-Worker-ASYNCSTDOUT
2024-11-23 18:44:52,861 [INFO] in AsyncAppender-Worker-ASYNCSTDOUT - [[34mINFO [0;39m] play.api.Play - Application started (Prod) (no global state) - AsyncAppender-Worker-ASYNCSTDOUT
2024-11-23 18:44:54,475 [INFO] in AsyncAppender-Worker-ASYNCSTDOUT - [[34mINFO [0;39m] p.c.s.AkkaHttpServer - Enabling HTTP/2 on Akka HTTP server... - AsyncAppender-Worker-ASYNCSTDOUT
2024-11-23 18:44:54,477 [INFO] in AsyncAppender-Worker-ASYNCSTDOUT - [[34mINFO [0;39m] p.c.s.AkkaHttpServer - Listening for HTTP on /[0:0:0:0:0:0:0:0]:8080 - AsyncAppender-Worker-ASYNCSTDOUT
2024-11-23 18:44:58,484 [INFO] in AsyncAppender-Worker-ASYNCSTDOUT - [[34mINFO [0;39m] c.jpro - application requested: default params: Map() - AsyncAppender-Worker-ASYNCSTDOUT
2024-11-23 18:44:58,496 [INFO] in AsyncAppender-Worker-ASYNCSTDOUT - [[34mINFO [0;39m] c.jpro - Creating Application: default - AsyncAppender-Worker-ASYNCSTDOUT
2024-11-23 18:44:58,502 [INFO] in AsyncAppender-Worker-ASYNCSTDOUT - [[34mINFO [0;39m] c.jpro - remoteAddress 0:0:0:0:0:0:0:1 - AsyncAppender-Worker-ASYNCSTDOUT
2024-11-23 18:44:58,503 [INFO] in AsyncAppender-Worker-ASYNCSTDOUT - [[34mINFO [0;39m] c.jpro - host          localhost:8080 - AsyncAppender-Worker-ASYNCSTDOUT
2024-11-23 18:44:58,503 [INFO] in AsyncAppender-Worker-ASYNCSTDOUT - [[34mINFO [0;39m] c.jpro - uri           /app/ws/default - AsyncAppender-Worker-ASYNCSTDOUT
2024-11-23 18:45:02,361 [INFO] in AsyncAppender-Worker-ASYNCSTDOUT - [[34mINFO [0;39m] c.j.i.s.ViewInfo$ - [JPro] -> View created: {app_name: default, host_name: localhost:8080, instance_id: 1073994948, browser: Google Chrome 131.0.0.0, browser_url: http://localhost:8080/, client_ip: 0:0:0:0:0:0:0:1} - AsyncAppender-Worker-ASYNCSTDOUT
2024-11-23 18:45:03,796 [INFO] in AsyncAppender-Worker-ASYNCSTDOUT - [[34mINFO [0;39m] c.j.i.c.InstanceImpl - [JPro] -> Instance created: {app_name: default, host_name: localhost:8080, instance_id: 1073994948, browser: Google Chrome 131.0.0.0, browser_url: http://localhost:8080/, client_ip: 0:0:0:0:0:0:0:1} - AsyncAppender-Worker-ASYNCSTDOUT
2024-11-23 18:45:04,468 [INFO] in AsyncAppender-Worker-ASYNCSTDOUT - [[1;31mERROR[0;39m] c.j.m.s.FXSerializer$$anon$1 - couldn't wrap node ... class: javafx.scene.AmbientLight ... javafx.scene.LightBase - AsyncAppender-Worker-ASYNCSTDOUT
2024-11-23 18:45:05,166 [INFO] in AsyncAppender-Worker-ASYNCSTDOUT - [[31mWARN [0;39m] com.jpro.JS - received msg: unknown blendmode: DSRC_ATOP - AsyncAppender-Worker-ASYNCSTDOUT
2024-11-23 18:45:05,185 [INFO] in AsyncAppender-Worker-ASYNCSTDOUT - [[31mWARN [0;39m] com.jpro.JS - received msg: unimplemented node type: UnknownPart(NodePart(OwnExtension(ID(410),ID(411),ID(412),ID(413),ID(414),ID(415),ID(416),None,ID(417),ID(418)),ID(419),ID(420),ID(421),ID(422),ID(423),ID(424),ID(425),ID(426),ID(427),ID(428),ID(429),ID(430),ID(431),ID(432),ID(433),ID(434)),class: javafx.scene.AmbientLight ... javafx.scene.LightBase) (id: 435 token: UnknownPart(NodePart(OwnExtension(ID(410),ID(411),ID(412),ID(413),ID(414),ID(415),ID(416),None,ID(417),ID(418)),ID(419),ID(420),ID(421),ID(422),ID(423),ID(424),ID(425),ID(426),ID(427),ID(428),ID(429),ID(430),ID(431),ID(432),ID(433),ID(434)),class: javafx.scene.AmbientLight ... javafx.scene.LightBase)) - AsyncAppender-Worker-ASYNCSTDOUT
2024-11-23 18:45:11,646 [INFO] in AsyncAppender-Worker-ASYNCSTDOUT - [[31mWARN [0;39m] com.jpro.JS - received msg: unknown blendmode: DSRC_ATOP - AsyncAppender-Worker-ASYNCSTDOUT
2024-11-23 18:45:15,097 [INFO] in AsyncAppender-Worker-ASYNCSTDOUT - [[1;31mERROR[0;39m] c.j.m.s.FXSerializer$$anon$1 - couldn't wrap node ... class: javafx.scene.AmbientLight ... javafx.scene.LightBase - AsyncAppender-Worker-ASYNCSTDOUT
2024-11-23 18:45:15,211 [INFO] in AsyncAppender-Worker-ASYNCSTDOUT - [[31mWARN [0;39m] com.jpro.JS - received msg: unknown blendmode: DSRC_ATOP - AsyncAppender-Worker-ASYNCSTDOUT
2024-11-23 18:45:15,219 [INFO] in AsyncAppender-Worker-ASYNCSTDOUT - [[31mWARN [0;39m] com.jpro.JS - received msg: unimplemented node type: UnknownPart(NodePart(OwnExtension(ID(3561),ID(3562),ID(3563),ID(3564),ID(3565),ID(3566),ID(3567),None,ID(3568),ID(3569)),ID(3570),ID(3571),ID(3572),ID(3573),ID(3574),ID(3575),ID(3576),ID(3577),ID(3578),ID(3579),ID(3580),ID(3581),ID(3582),ID(3583),ID(3584),ID(3585)),class: javafx.scene.AmbientLight ... javafx.scene.LightBase) (id: 3586 token: UnknownPart(NodePart(OwnExtension(ID(3561),ID(3562),ID(3563),ID(3564),ID(3565),ID(3566),ID(3567),None,ID(3568),ID(3569)),ID(3570),ID(3571),ID(3572),ID(3573),ID(3574),ID(3575),ID(3576),ID(3577),ID(3578),ID(3579),ID(3580),ID(3581),ID(3582),ID(3583),ID(3584),ID(3585)),class: javafx.scene.AmbientLight ... javafx.scene.LightBase)) - AsyncAppender-Worker-ASYNCSTDOUT
2024-11-23 18:45:16,254 [INFO] in AsyncAppender-Worker-ASYNCSTDOUT - [[31mWARN [0;39m] com.jpro.JS - received msg: unknown blendmode: DSRC_ATOP - AsyncAppender-Worker-ASYNCSTDOUT
2024-11-23 18:45:18,267 [INFO] in AsyncAppender-Worker-ASYNCSTDOUT - [[1;31mERROR[0;39m] com.jpro.JS - received msg: got error: scala.scalajs.js.JavaScriptException: TypeError: Cannot read properties of null (reading 'Y') - AsyncAppender-Worker-ASYNCSTDOUT
2024-11-23 18:45:41,384 [INFO] in AsyncAppender-Worker-ASYNCSTDOUT - [[34mINFO [0;39m] c.j.i.s.JProInitializer$ - Parent process is not alive anymore. Shutting down. - AsyncAppender-Worker-ASYNCSTDOUT
2024-11-23 18:45:41,390 [INFO] in AsyncAppender-Worker-ASYNCSTDOUT - [[34mINFO [0;39m] p.a.i.l.c.CoordinatedShutdownSupport - Starting synchronous coordinated shutdown with ServerStoppedReason reason and 2147508000 milliseconds timeout - AsyncAppender-Worker-ASYNCSTDOUT
2024-11-23 18:45:41,394 [INFO] in AsyncAppender-Worker-ASYNCSTDOUT - [[34mINFO [0;39m] a.a.CoordinatedShutdown - Running CoordinatedShutdown with reason [ServerStoppedReason] - AsyncAppender-Worker-ASYNCSTDOUT
2024-11-23 18:45:41,396 [INFO] in AsyncAppender-Worker-ASYNCSTDOUT - [[34mINFO [0;39m] p.c.s.AkkaHttpServer - Stopping Akka HTTP server... - AsyncAppender-Worker-ASYNCSTDOUT
2024-11-23 18:45:41,405 [INFO] in AsyncAppender-Worker-ASYNCSTDOUT - [[34mINFO [0;39m] p.c.s.AkkaHttpServer - Terminating server binding for /[0:0:0:0:0:0:0:0]:8080 - AsyncAppender-Worker-ASYNCSTDOUT
2024-11-23 18:45:41,428 [INFO] in AsyncAppender-Worker-ASYNCSTDOUT - [[34mINFO [0;39m] p.c.s.AkkaHttpServer - Running provided shutdown stop hooks - AsyncAppender-Worker-ASYNCSTDOUT
2024-11-23 18:45:41,436 [INFO] in AsyncAppender-Worker-ASYNCSTDOUT - [[34mINFO [0;39m] c.j.i.s.JProInitializer$ - [JPro] -> Server stopped: {running_time: 53.2s, instances_count: 1, views_count: 1, os_name: Windows 10, jpro_version: 2024.4.1, reason: jvm-shutdown} - AsyncAppender-Worker-ASYNCSTDOUT
2024-11-23 18:45:41,436 [INFO] in AsyncAppender-Worker-ASYNCSTDOUT - [[34mINFO [0;39m] c.jpro.activity - Closing the server -> used memory: 100 MB  -  free system memory: 469 MB - AsyncAppender-Worker-ASYNCSTDOUT
2024-11-23 18:48:26,546 [INFO] in AsyncAppender-Worker-ASYNCSTDOUT - [[34mINFO [0;39m] c.jpro.activity - Starting the server - AsyncAppender-Worker-ASYNCSTDOUT
2024-11-23 18:48:26,547 [INFO] in AsyncAppender-Worker-ASYNCSTDOUT - [[34mINFO [0;39m] c.j.i.s.JProInitializer$ -  *** Starting JPro: https://www.jpro.one/ *** - AsyncAppender-Worker-ASYNCSTDOUT
2024-11-23 18:48:26,548 [INFO] in AsyncAppender-Worker-ASYNCSTDOUT - [[34mINFO [0;39m] c.j.i.s.JProInitializer$ - OS: Windows 10 - AsyncAppender-Worker-ASYNCSTDOUT
2024-11-23 18:48:26,581 [INFO] in AsyncAppender-Worker-ASYNCSTDOUT - [[34mINFO [0;39m] c.j.i.s.JProInitializer$ - JPro: 2024.4.1 - AsyncAppender-Worker-ASYNCSTDOUT
2024-11-23 18:48:26,582 [INFO] in AsyncAppender-Worker-ASYNCSTDOUT - [[34mINFO [0;39m] c.j.i.s.JProInitializer$ - Java version: 22.0.2 - AsyncAppender-Worker-ASYNCSTDOUT
2024-11-23 18:48:26,582 [INFO] in AsyncAppender-Worker-ASYNCSTDOUT - [[34mINFO [0;39m] c.j.i.s.JProInitializer$ - JVM: 22.0.2 Oracle Corporation - AsyncAppender-Worker-ASYNCSTDOUT
2024-11-23 18:48:26,588 [INFO] in AsyncAppender-Worker-ASYNCSTDOUT - [[34mINFO [0;39m] c.j.i.s.JProInitializer$ - JavaFX jar: file:/C:/Users/ZaBaDeV/.m2/repository/org/openjfx/javafx-graphics/23.0.1-jpro/javafx-graphics-23.0.1-jpro-win.jar - AsyncAppender-Worker-ASYNCSTDOUT
2024-11-23 18:48:26,597 [INFO] in AsyncAppender-Worker-ASYNCSTDOUT - [[34mINFO [0;39m] c.j.i.s.JProInitializer$ - Configuring logging from url: 'jar:file:/C:/Users/ZaBaDeV/.m2/repository/one/jpro/jpro-server_2.12/2024.4.1/jpro-server_2.12-2024.4.1.jar!/logback-jpro-default.xml' - AsyncAppender-Worker-ASYNCSTDOUT
2024-11-23 18:48:28,963 [INFO] in AsyncAppender-Worker-ASYNCSTDOUT - [[34mINFO [0;39m] c.j.i.s.JProInitializer$ - JavaFX version: 23.0.1-jpro+0 - AsyncAppender-Worker-ASYNCSTDOUT
2024-11-23 18:48:29,080 [INFO] in JavaFX Application Thread - G1 Young Generation - JavaFX Application Thread
2024-11-23 18:48:29,080 [INFO] in JavaFX Application Thread - G1 Concurrent GC - JavaFX Application Thread
2024-11-23 18:48:29,081 [INFO] in JavaFX Application Thread - G1 Old Generation - JavaFX Application Thread
2024-11-23 18:48:29,129 [INFO] in AsyncAppender-Worker-ASYNCSTDOUT - [[34mINFO [0;39m] c.j.i.s.JProInitializer$ - finished init! - AsyncAppender-Worker-ASYNCSTDOUT
2024-11-23 18:48:29,139 [INFO] in AsyncAppender-Worker-ASYNCSTDOUT - [[34mINFO [0;39m] c.j.i.s.JProInitializer$ - [JPro] -> Server started: {start_time: 1732384106497, os_name: Windows 10, jpro_version: 2024.4.1} - AsyncAppender-Worker-ASYNCSTDOUT
2024-11-23 18:48:29,837 [INFO] in AsyncAppender-Worker-ASYNCSTDOUT - [[34mINFO [0;39m] a.e.s.Slf4jLogger - Slf4jLogger started - AsyncAppender-Worker-ASYNCSTDOUT
2024-11-23 18:48:31,751 [INFO] in AsyncAppender-Worker-ASYNCSTDOUT - [[34mINFO [0;39m] play.api.Play - Application started (Prod) (no global state) - AsyncAppender-Worker-ASYNCSTDOUT
2024-11-23 18:48:34,159 [INFO] in AsyncAppender-Worker-ASYNCSTDOUT - [[34mINFO [0;39m] p.c.s.AkkaHttpServer - Enabling HTTP/2 on Akka HTTP server... - AsyncAppender-Worker-ASYNCSTDOUT
2024-11-23 18:48:34,160 [INFO] in AsyncAppender-Worker-ASYNCSTDOUT - [[34mINFO [0;39m] p.c.s.AkkaHttpServer - Listening for HTTP on /[0:0:0:0:0:0:0:0]:8080 - AsyncAppender-Worker-ASYNCSTDOUT
2024-11-23 18:48:38,760 [INFO] in AsyncAppender-Worker-ASYNCSTDOUT - [[34mINFO [0;39m] c.jpro - application requested: default params: Map() - AsyncAppender-Worker-ASYNCSTDOUT
2024-11-23 18:48:38,770 [INFO] in AsyncAppender-Worker-ASYNCSTDOUT - [[34mINFO [0;39m] c.jpro - Creating Application: default - AsyncAppender-Worker-ASYNCSTDOUT
2024-11-23 18:48:38,776 [INFO] in AsyncAppender-Worker-ASYNCSTDOUT - [[34mINFO [0;39m] c.jpro - remoteAddress 0:0:0:0:0:0:0:1 - AsyncAppender-Worker-ASYNCSTDOUT
2024-11-23 18:48:38,776 [INFO] in AsyncAppender-Worker-ASYNCSTDOUT - [[34mINFO [0;39m] c.jpro - host          localhost:8080 - AsyncAppender-Worker-ASYNCSTDOUT
2024-11-23 18:48:38,777 [INFO] in AsyncAppender-Worker-ASYNCSTDOUT - [[34mINFO [0;39m] c.jpro - uri           /app/ws/default - AsyncAppender-Worker-ASYNCSTDOUT
2024-11-23 18:48:42,040 [INFO] in AsyncAppender-Worker-ASYNCSTDOUT - [[34mINFO [0;39m] c.j.i.s.ViewInfo$ - [JPro] -> View created: {app_name: default, host_name: localhost:8080, instance_id: 1904689610, browser: Google Chrome 131.0.0.0, browser_url: http://localhost:8080/, client_ip: 0:0:0:0:0:0:0:1} - AsyncAppender-Worker-ASYNCSTDOUT
2024-11-23 18:48:42,759 [INFO] in AsyncAppender-Worker-ASYNCSTDOUT - [[1;31mERROR[0;39m] c.j.i.c.InstanceImpl - Error while starting application:  - AsyncAppender-Worker-ASYNCSTDOUT
2024-11-23 18:48:42,760 [INFO] in AsyncAppender-Worker-ASYNCSTDOUT - javafx.fxml.LoadException: Pane is not a valid type. - AsyncAppender-Worker-ASYNCSTDOUT
2024-11-23 18:48:42,760 [INFO] in AsyncAppender-Worker-ASYNCSTDOUT - /C:/Users/ZaBaDeV/Documents/GitHub/PracticaUniversaeFX/PracticasUniversaeFX/target/classes/com/myproyectodam/demo/Primary.fxml:27 - AsyncAppender-Worker-ASYNCSTDOUT
2024-11-23 18:48:42,760 [INFO] in AsyncAppender-Worker-ASYNCSTDOUT -  - AsyncAppender-Worker-ASYNCSTDOUT
2024-11-23 18:48:42,760 [INFO] in AsyncAppender-Worker-ASYNCSTDOUT - 	at javafx.fxml.FXMLLoader.constructLoadException(FXMLLoader.java:2723) - AsyncAppender-Worker-ASYNCSTDOUT
2024-11-23 18:48:42,760 [INFO] in AsyncAppender-Worker-ASYNCSTDOUT - 	at javafx.fxml.FXMLLoader.createElement(FXMLLoader.java:2925) - AsyncAppender-Worker-ASYNCSTDOUT
2024-11-23 18:48:42,762 [INFO] in AsyncAppender-Worker-ASYNCSTDOUT - 	at javafx.fxml.FXMLLoader.processStartElement(FXMLLoader.java:2855) - AsyncAppender-Worker-ASYNCSTDOUT
2024-11-23 18:48:42,762 [INFO] in AsyncAppender-Worker-ASYNCSTDOUT - 	at javafx.fxml.FXMLLoader.loadImpl(FXMLLoader.java:2654) - AsyncAppender-Worker-ASYNCSTDOUT
2024-11-23 18:48:42,762 [INFO] in AsyncAppender-Worker-ASYNCSTDOUT - 	at javafx.fxml.FXMLLoader.loadImpl(FXMLLoader.java:2568) - AsyncAppender-Worker-ASYNCSTDOUT
2024-11-23 18:48:42,762 [INFO] in AsyncAppender-Worker-ASYNCSTDOUT - 	at javafx.fxml.FXMLLoader.load(FXMLLoader.java:2536) - AsyncAppender-Worker-ASYNCSTDOUT
2024-11-23 18:48:42,762 [INFO] in AsyncAppender-Worker-ASYNCSTDOUT - 	at com.myproyectodam.demo.App.loadFXML(App.java:60) - AsyncAppender-Worker-ASYNCSTDOUT
2024-11-23 18:48:42,762 [INFO] in AsyncAppender-Worker-ASYNCSTDOUT - 	at com.myproyectodam.demo.App.start(App.java:24) - AsyncAppender-Worker-ASYNCSTDOUT
2024-11-23 18:48:42,762 [INFO] in AsyncAppender-Worker-ASYNCSTDOUT - 	at com.jpro.internal.config.ApplicationStarter$.$anonfun$startJApplication$1(ApplicationStarter.scala:133) - AsyncAppender-Worker-ASYNCSTDOUT
2024-11-23 18:48:42,762 [INFO] in AsyncAppender-Worker-ASYNCSTDOUT - 	at com.jpro.internal.config.ApplicationStarter$.$anonfun$startJApplication$1$adapted(ApplicationStarter.scala:130) - AsyncAppender-Worker-ASYNCSTDOUT
2024-11-23 18:48:42,762 [INFO] in AsyncAppender-Worker-ASYNCSTDOUT - [[31mWARN [0;39m] c.j.i.c.InstanceImpl - Application didn't show the stage. JPro is now calling show() - AsyncAppender-Worker-ASYNCSTDOUT
2024-11-23 18:48:42,881 [INFO] in AsyncAppender-Worker-ASYNCSTDOUT - [[34mINFO [0;39m] c.j.m.s.Util$ - WORKAROUND! setting XY for Window null because current XY is NaN - AsyncAppender-Worker-ASYNCSTDOUT
2024-11-23 18:48:56,672 [INFO] in AsyncAppender-Worker-ASYNCSTDOUT - [[34mINFO [0;39m] c.j.i.s.JProInitializer$ - Parent process is not alive anymore. Shutting down. - AsyncAppender-Worker-ASYNCSTDOUT
2024-11-23 18:48:56,679 [INFO] in AsyncAppender-Worker-ASYNCSTDOUT - [[34mINFO [0;39m] p.a.i.l.c.CoordinatedShutdownSupport - Starting synchronous coordinated shutdown with ServerStoppedReason reason and 2147508000 milliseconds timeout - AsyncAppender-Worker-ASYNCSTDOUT
2024-11-23 18:48:56,682 [INFO] in AsyncAppender-Worker-ASYNCSTDOUT - [[34mINFO [0;39m] a.a.CoordinatedShutdown - Running CoordinatedShutdown with reason [ServerStoppedReason] - AsyncAppender-Worker-ASYNCSTDOUT
2024-11-23 18:48:56,684 [INFO] in AsyncAppender-Worker-ASYNCSTDOUT - [[34mINFO [0;39m] p.c.s.AkkaHttpServer - Stopping Akka HTTP server... - AsyncAppender-Worker-ASYNCSTDOUT
2024-11-23 18:48:56,696 [INFO] in AsyncAppender-Worker-ASYNCSTDOUT - [[34mINFO [0;39m] p.c.s.AkkaHttpServer - Terminating server binding for /[0:0:0:0:0:0:0:0]:8080 - AsyncAppender-Worker-ASYNCSTDOUT
2024-11-23 18:48:56,720 [INFO] in AsyncAppender-Worker-ASYNCSTDOUT - [[34mINFO [0;39m] p.c.s.AkkaHttpServer - Running provided shutdown stop hooks - AsyncAppender-Worker-ASYNCSTDOUT
2024-11-23 18:48:56,726 [INFO] in AsyncAppender-Worker-ASYNCSTDOUT - [[34mINFO [0;39m] c.j.i.s.JProInitializer$ - [JPro] -> Server stopped: {running_time: 30.167s, instances_count: 1, views_count: 1, os_name: Windows 10, jpro_version: 2024.4.1, reason: jvm-shutdown} - AsyncAppender-Worker-ASYNCSTDOUT
2024-11-23 18:48:56,726 [INFO] in AsyncAppender-Worker-ASYNCSTDOUT - [[34mINFO [0;39m] c.jpro.activity - Closing the server -> used memory: 54 MB  -  free system memory: 738 MB - AsyncAppender-Worker-ASYNCSTDOUT
2024-11-23 19:18:22,123 [INFO] in AsyncAppender-Worker-ASYNCSTDOUT - [[34mINFO [0;39m] c.jpro.activity - Starting the server - AsyncAppender-Worker-ASYNCSTDOUT
2024-11-23 19:18:22,125 [INFO] in AsyncAppender-Worker-ASYNCSTDOUT - [[34mINFO [0;39m] c.j.i.s.JProInitializer$ -  *** Starting JPro: https://www.jpro.one/ *** - AsyncAppender-Worker-ASYNCSTDOUT
2024-11-23 19:18:22,126 [INFO] in AsyncAppender-Worker-ASYNCSTDOUT - [[34mINFO [0;39m] c.j.i.s.JProInitializer$ - OS: Windows 10 - AsyncAppender-Worker-ASYNCSTDOUT
2024-11-23 19:18:22,164 [INFO] in AsyncAppender-Worker-ASYNCSTDOUT - [[34mINFO [0;39m] c.j.i.s.JProInitializer$ - JPro: 2024.4.1 - AsyncAppender-Worker-ASYNCSTDOUT
2024-11-23 19:18:22,165 [INFO] in AsyncAppender-Worker-ASYNCSTDOUT - [[34mINFO [0;39m] c.j.i.s.JProInitializer$ - Java version: 22.0.2 - AsyncAppender-Worker-ASYNCSTDOUT
2024-11-23 19:18:22,165 [INFO] in AsyncAppender-Worker-ASYNCSTDOUT - [[34mINFO [0;39m] c.j.i.s.JProInitializer$ - JVM: 22.0.2 Oracle Corporation - AsyncAppender-Worker-ASYNCSTDOUT
2024-11-23 19:18:22,172 [INFO] in AsyncAppender-Worker-ASYNCSTDOUT - [[34mINFO [0;39m] c.j.i.s.JProInitializer$ - JavaFX jar: file:/C:/Users/ZaBaDeV/.m2/repository/org/openjfx/javafx-graphics/23.0.1-jpro/javafx-graphics-23.0.1-jpro-win.jar - AsyncAppender-Worker-ASYNCSTDOUT
2024-11-23 19:18:22,180 [INFO] in AsyncAppender-Worker-ASYNCSTDOUT - [[34mINFO [0;39m] c.j.i.s.JProInitializer$ - Configuring logging from url: 'jar:file:/C:/Users/ZaBaDeV/.m2/repository/one/jpro/jpro-server_2.12/2024.4.1/jpro-server_2.12-2024.4.1.jar!/logback-jpro-default.xml' - AsyncAppender-Worker-ASYNCSTDOUT
2024-11-23 19:18:24,517 [INFO] in AsyncAppender-Worker-ASYNCSTDOUT - [[34mINFO [0;39m] c.j.i.s.JProInitializer$ - JavaFX version: 23.0.1-jpro+0 - AsyncAppender-Worker-ASYNCSTDOUT
2024-11-23 19:18:24,635 [INFO] in JavaFX Application Thread - G1 Young Generation - JavaFX Application Thread
2024-11-23 19:18:24,636 [INFO] in JavaFX Application Thread - G1 Concurrent GC - JavaFX Application Thread
2024-11-23 19:18:24,636 [INFO] in JavaFX Application Thread - G1 Old Generation - JavaFX Application Thread
2024-11-23 19:18:24,681 [INFO] in AsyncAppender-Worker-ASYNCSTDOUT - [[34mINFO [0;39m] c.j.i.s.JProInitializer$ - finished init! - AsyncAppender-Worker-ASYNCSTDOUT
2024-11-23 19:18:24,686 [INFO] in AsyncAppender-Worker-ASYNCSTDOUT - [[34mINFO [0;39m] c.j.i.s.JProInitializer$ - [JPro] -> Server started: {start_time: 1732385902071, os_name: Windows 10, jpro_version: 2024.4.1} - AsyncAppender-Worker-ASYNCSTDOUT
2024-11-23 19:18:25,257 [INFO] in AsyncAppender-Worker-ASYNCSTDOUT - [[34mINFO [0;39m] a.e.s.Slf4jLogger - Slf4jLogger started - AsyncAppender-Worker-ASYNCSTDOUT
2024-11-23 19:18:27,514 [INFO] in AsyncAppender-Worker-ASYNCSTDOUT - [[34mINFO [0;39m] play.api.Play - Application started (Prod) (no global state) - AsyncAppender-Worker-ASYNCSTDOUT
2024-11-23 19:18:29,586 [INFO] in AsyncAppender-Worker-ASYNCSTDOUT - [[34mINFO [0;39m] p.c.s.AkkaHttpServer - Enabling HTTP/2 on Akka HTTP server... - AsyncAppender-Worker-ASYNCSTDOUT
2024-11-23 19:18:29,588 [INFO] in AsyncAppender-Worker-ASYNCSTDOUT - [[34mINFO [0;39m] p.c.s.AkkaHttpServer - Listening for HTTP on /[0:0:0:0:0:0:0:0]:8080 - AsyncAppender-Worker-ASYNCSTDOUT
2024-11-23 19:18:35,091 [INFO] in AsyncAppender-Worker-ASYNCSTDOUT - [[34mINFO [0;39m] c.jpro - application requested: default params: Map() - AsyncAppender-Worker-ASYNCSTDOUT
2024-11-23 19:18:35,105 [INFO] in AsyncAppender-Worker-ASYNCSTDOUT - [[34mINFO [0;39m] c.jpro - Creating Application: default - AsyncAppender-Worker-ASYNCSTDOUT
2024-11-23 19:18:35,120 [INFO] in AsyncAppender-Worker-ASYNCSTDOUT - [[34mINFO [0;39m] c.jpro - remoteAddress 0:0:0:0:0:0:0:1 - AsyncAppender-Worker-ASYNCSTDOUT
2024-11-23 19:18:35,120 [INFO] in AsyncAppender-Worker-ASYNCSTDOUT - [[34mINFO [0;39m] c.jpro - host          localhost:8080 - AsyncAppender-Worker-ASYNCSTDOUT
2024-11-23 19:18:35,120 [INFO] in AsyncAppender-Worker-ASYNCSTDOUT - [[34mINFO [0;39m] c.jpro - uri           /app/ws/default - AsyncAppender-Worker-ASYNCSTDOUT
2024-11-23 19:18:39,373 [INFO] in AsyncAppender-Worker-ASYNCSTDOUT - [[34mINFO [0;39m] c.j.i.s.ViewInfo$ - [JPro] -> View created: {app_name: default, host_name: localhost:8080, instance_id: 1893272059, browser: Google Chrome 131.0.0.0, browser_url: http://localhost:8080/, client_ip: 0:0:0:0:0:0:0:1} - AsyncAppender-Worker-ASYNCSTDOUT
2024-11-23 19:18:41,349 [INFO] in AsyncAppender-Worker-ASYNCSTDOUT - [[34mINFO [0;39m] c.j.i.c.InstanceImpl - [JPro] -> Instance created: {app_name: default, host_name: localhost:8080, instance_id: 1893272059, browser: Google Chrome 131.0.0.0, browser_url: http://localhost:8080/, client_ip: 0:0:0:0:0:0:0:1} - AsyncAppender-Worker-ASYNCSTDOUT
2024-11-23 19:18:42,649 [INFO] in AsyncAppender-Worker-ASYNCSTDOUT - [[1;31mERROR[0;39m] c.j.m.s.FXSerializer$$anon$1 - couldn't wrap node ... class: javafx.scene.AmbientLight ... javafx.scene.LightBase - AsyncAppender-Worker-ASYNCSTDOUT
2024-11-23 19:18:43,451 [INFO] in AsyncAppender-Worker-ASYNCSTDOUT - [[31mWARN [0;39m] com.jpro.JS - received msg: unknown blendmode: DSRC_ATOP - AsyncAppender-Worker-ASYNCSTDOUT
2024-11-23 19:18:43,486 [INFO] in AsyncAppender-Worker-ASYNCSTDOUT - [[31mWARN [0;39m] com.jpro.JS - received msg: unimplemented node type: UnknownPart(NodePart(OwnExtension(ID(410),ID(411),ID(412),ID(413),ID(414),ID(415),ID(416),None,ID(417),ID(418)),ID(419),ID(420),ID(421),ID(422),ID(423),ID(424),ID(425),ID(426),ID(427),ID(428),ID(429),ID(430),ID(431),ID(432),ID(433),ID(434)),class: javafx.scene.AmbientLight ... javafx.scene.LightBase) (id: 435 token: UnknownPart(NodePart(OwnExtension(ID(410),ID(411),ID(412),ID(413),ID(414),ID(415),ID(416),None,ID(417),ID(418)),ID(419),ID(420),ID(421),ID(422),ID(423),ID(424),ID(425),ID(426),ID(427),ID(428),ID(429),ID(430),ID(431),ID(432),ID(433),ID(434)),class: javafx.scene.AmbientLight ... javafx.scene.LightBase)) - AsyncAppender-Worker-ASYNCSTDOUT
2024-11-23 19:18:54,058 [INFO] in AsyncAppender-Worker-ASYNCSTDOUT - [[31mWARN [0;39m] com.jpro.JS - received msg: unknown blendmode: DSRC_ATOP - AsyncAppender-Worker-ASYNCSTDOUT
2024-11-23 19:19:01,667 [INFO] in AsyncAppender-Worker-ASYNCSTDOUT - [[1;31mERROR[0;39m] c.j.m.s.FXSerializer$$anon$1 - couldn't wrap node ... class: javafx.scene.AmbientLight ... javafx.scene.LightBase - AsyncAppender-Worker-ASYNCSTDOUT
2024-11-23 19:19:01,792 [INFO] in AsyncAppender-Worker-ASYNCSTDOUT - [[31mWARN [0;39m] com.jpro.JS - received msg: unknown blendmode: DSRC_ATOP - AsyncAppender-Worker-ASYNCSTDOUT
2024-11-23 19:19:01,802 [INFO] in AsyncAppender-Worker-ASYNCSTDOUT - [[31mWARN [0;39m] com.jpro.JS - received msg: unimplemented node type: UnknownPart(NodePart(OwnExtension(ID(2556),ID(2557),ID(2558),ID(2559),ID(2560),ID(2561),ID(2562),None,ID(2563),ID(2564)),ID(2565),ID(2566),ID(2567),ID(2568),ID(2569),ID(2570),ID(2571),ID(2572),ID(2573),ID(2574),ID(2575),ID(2576),ID(2577),ID(2578),ID(2579),ID(2580)),class: javafx.scene.AmbientLight ... javafx.scene.LightBase) (id: 2581 token: UnknownPart(NodePart(OwnExtension(ID(2556),ID(2557),ID(2558),ID(2559),ID(2560),ID(2561),ID(2562),None,ID(2563),ID(2564)),ID(2565),ID(2566),ID(2567),ID(2568),ID(2569),ID(2570),ID(2571),ID(2572),ID(2573),ID(2574),ID(2575),ID(2576),ID(2577),ID(2578),ID(2579),ID(2580)),class: javafx.scene.AmbientLight ... javafx.scene.LightBase)) - AsyncAppender-Worker-ASYNCSTDOUT
2024-11-23 19:19:56,943 [INFO] in AsyncAppender-Worker-ASYNCSTDOUT - [[1;31mERROR[0;39m] com.jpro.JS - received msg: got error: scala.scalajs.js.JavaScriptException: TypeError: Cannot read properties of null (reading 'Y') - AsyncAppender-Worker-ASYNCSTDOUT
2024-11-23 19:20:55,427 [INFO] in AsyncAppender-Worker-ASYNCSTDOUT - [[34mINFO [0;39m] c.j.i.s.ViewInfo$ - [JPro] -> View closed: {app_name: default, host_name: localhost:8080, instance_id: 1893272059, browser: Google Chrome 131.0.0.0, browser_url: http://localhost:8080/, client_ip: 0:0:0:0:0:0:0:1, reason: tab-closed} - AsyncAppender-Worker-ASYNCSTDOUT
2024-11-23 19:20:55,457 [INFO] in AsyncAppender-Worker-ASYNCSTDOUT - [[34mINFO [0;39m] c.j.i.s.ViewInfo$ -  - AsyncAppender-Worker-ASYNCSTDOUT
2024-11-23 19:20:55,457 [INFO] in AsyncAppender-Worker-ASYNCSTDOUT - [[34mINFO [0;39m] c.j.i.s.ViewInfo$ - Application closed: - AsyncAppender-Worker-ASYNCSTDOUT
2024-11-23 19:20:55,539 [INFO] in AsyncAppender-Worker-ASYNCSTDOUT - [[34mINFO [0;39m] c.j.i.s.ViewInfo$ - startTime      : Sat Nov 23 19:20:55 CET 2024       - AsyncAppender-Worker-ASYNCSTDOUT
2024-11-23 19:20:55,540 [INFO] in AsyncAppender-Worker-ASYNCSTDOUT - [[34mINFO [0;39m] c.j.i.s.ViewInfo$ - averageLatency : 00:00:00.015  - AsyncAppender-Worker-ASYNCSTDOUT
2024-11-23 19:20:55,540 [INFO] in AsyncAppender-Worker-ASYNCSTDOUT - [[34mINFO [0;39m] c.j.i.s.ViewInfo$ - averageJitter  : 00:00:00.017   - AsyncAppender-Worker-ASYNCSTDOUT
2024-11-23 19:20:55,542 [INFO] in AsyncAppender-Worker-ASYNCSTDOUT - [[34mINFO [0;39m] c.j.i.s.ViewInfo$ - framerateServer: 00:00:00.000 - AsyncAppender-Worker-ASYNCSTDOUT
2024-11-23 19:20:55,552 [INFO] in AsyncAppender-Worker-ASYNCSTDOUT - [[34mINFO [0;39m] c.j.i.s.ViewInfo$ - framerateClient: 00:00:00.000 - AsyncAppender-Worker-ASYNCSTDOUT
2024-11-23 19:20:55,552 [INFO] in AsyncAppender-Worker-ASYNCSTDOUT - [[34mINFO [0;39m] c.j.i.s.ViewInfo$ - raw            : 645790 - AsyncAppender-Worker-ASYNCSTDOUT
2024-11-23 19:20:55,552 [INFO] in AsyncAppender-Worker-ASYNCSTDOUT - [[34mINFO [0;39m] c.j.i.s.ViewInfo$ - zipped         : 264922 - AsyncAppender-Worker-ASYNCSTDOUT
2024-11-23 19:20:55,552 [INFO] in AsyncAppender-Worker-ASYNCSTDOUT - [[34mINFO [0;39m] c.j.i.s.ViewInfo$ -  - AsyncAppender-Worker-ASYNCSTDOUT
2024-11-23 19:20:56,321 [INFO] in AsyncAppender-Worker-ASYNCSTDOUT - [[34mINFO [0;39m] c.jpro - application requested: default params: Map() - AsyncAppender-Worker-ASYNCSTDOUT
2024-11-23 19:20:56,321 [INFO] in AsyncAppender-Worker-ASYNCSTDOUT - [[34mINFO [0;39m] c.jpro - Creating Application: default - AsyncAppender-Worker-ASYNCSTDOUT
2024-11-23 19:20:56,321 [INFO] in AsyncAppender-Worker-ASYNCSTDOUT - [[34mINFO [0;39m] c.jpro - remoteAddress 0:0:0:0:0:0:0:1 - AsyncAppender-Worker-ASYNCSTDOUT
2024-11-23 19:20:56,321 [INFO] in AsyncAppender-Worker-ASYNCSTDOUT - [[34mINFO [0;39m] c.jpro - host          localhost:8080 - AsyncAppender-Worker-ASYNCSTDOUT
2024-11-23 19:20:56,321 [INFO] in AsyncAppender-Worker-ASYNCSTDOUT - [[34mINFO [0;39m] c.jpro - uri           /app/ws/default - AsyncAppender-Worker-ASYNCSTDOUT
2024-11-23 19:20:56,457 [INFO] in AsyncAppender-Worker-ASYNCSTDOUT - [[34mINFO [0;39m] c.j.i.c.InstanceImpl - [JPro] -> Instance closed: {app_name: default, host_name: localhost:8080, instance_id: 1893272059, browser: Google Chrome 131.0.0.0, browser_url: http://localhost:8080/, client_ip: 0:0:0:0:0:0:0:1, reason: close-tab-closed} - AsyncAppender-Worker-ASYNCSTDOUT
2024-11-23 19:20:57,720 [INFO] in AsyncAppender-Worker-ASYNCSTDOUT - [[34mINFO [0;39m] c.j.i.s.ViewInfo$ - [JPro] -> View created: {app_name: default, host_name: localhost:8080, instance_id: 972461785, browser: Google Chrome 131.0.0.0, browser_url: http://localhost:8080/, client_ip: 0:0:0:0:0:0:0:1} - AsyncAppender-Worker-ASYNCSTDOUT
2024-11-23 19:20:58,189 [INFO] in AsyncAppender-Worker-ASYNCSTDOUT - [[34mINFO [0;39m] c.j.i.c.InstanceImpl - [JPro] -> Instance created: {app_name: default, host_name: localhost:8080, instance_id: 972461785, browser: Google Chrome 131.0.0.0, browser_url: http://localhost:8080/, client_ip: 0:0:0:0:0:0:0:1} - AsyncAppender-Worker-ASYNCSTDOUT
2024-11-23 19:20:58,256 [INFO] in AsyncAppender-Worker-ASYNCSTDOUT - [[1;31mERROR[0;39m] c.j.m.s.FXSerializer$$anon$1 - couldn't wrap node ... class: javafx.scene.AmbientLight ... javafx.scene.LightBase - AsyncAppender-Worker-ASYNCSTDOUT
2024-11-23 19:20:58,422 [INFO] in AsyncAppender-Worker-ASYNCSTDOUT - [[31mWARN [0;39m] com.jpro.JS - received msg: unknown blendmode: DSRC_ATOP - AsyncAppender-Worker-ASYNCSTDOUT
2024-11-23 19:20:58,462 [INFO] in AsyncAppender-Worker-ASYNCSTDOUT - [[31mWARN [0;39m] com.jpro.JS - received msg: unimplemented node type: UnknownPart(NodePart(OwnExtension(ID(410),ID(411),ID(412),ID(413),ID(414),ID(415),ID(416),None,ID(417),ID(418)),ID(419),ID(420),ID(421),ID(422),ID(423),ID(424),ID(425),ID(426),ID(427),ID(428),ID(429),ID(430),ID(431),ID(432),ID(433),ID(434)),class: javafx.scene.AmbientLight ... javafx.scene.LightBase) (id: 435 token: UnknownPart(NodePart(OwnExtension(ID(410),ID(411),ID(412),ID(413),ID(414),ID(415),ID(416),None,ID(417),ID(418)),ID(419),ID(420),ID(421),ID(422),ID(423),ID(424),ID(425),ID(426),ID(427),ID(428),ID(429),ID(430),ID(431),ID(432),ID(433),ID(434)),class: javafx.scene.AmbientLight ... javafx.scene.LightBase)) - AsyncAppender-Worker-ASYNCSTDOUT
2024-11-23 19:21:04,138 [INFO] in AsyncAppender-Worker-ASYNCSTDOUT - [[31mWARN [0;39m] com.jpro.JS - received msg: unknown blendmode: DSRC_ATOP - AsyncAppender-Worker-ASYNCSTDOUT
2024-11-23 19:21:08,401 [INFO] in AsyncAppender-Worker-ASYNCSTDOUT - [[34mINFO [0;39m] p.a.i.l.c.CoordinatedShutdownSupport - Starting synchronous coordinated shutdown with ServerStoppedReason reason and 2147508000 milliseconds timeout - AsyncAppender-Worker-ASYNCSTDOUT
2024-11-23 19:21:08,406 [INFO] in AsyncAppender-Worker-ASYNCSTDOUT - [[34mINFO [0;39m] a.a.CoordinatedShutdown - Running CoordinatedShutdown with reason [ServerStoppedReason] - AsyncAppender-Worker-ASYNCSTDOUT
2024-11-23 19:21:08,409 [INFO] in AsyncAppender-Worker-ASYNCSTDOUT - [[34mINFO [0;39m] p.c.s.AkkaHttpServer - Stopping Akka HTTP server... - AsyncAppender-Worker-ASYNCSTDOUT
2024-11-23 19:21:08,423 [INFO] in AsyncAppender-Worker-ASYNCSTDOUT - [[34mINFO [0;39m] p.c.s.AkkaHttpServer - Terminating server binding for /[0:0:0:0:0:0:0:0]:8080 - AsyncAppender-Worker-ASYNCSTDOUT
2024-11-23 19:21:08,544 [INFO] in AsyncAppender-Worker-ASYNCSTDOUT - [[34mINFO [0;39m] p.c.s.AkkaHttpServer - Running provided shutdown stop hooks - AsyncAppender-Worker-ASYNCSTDOUT
2024-11-23 19:21:08,550 [INFO] in AsyncAppender-Worker-ASYNCSTDOUT - [[34mINFO [0;39m] c.j.i.s.JProInitializer$ - [JPro] -> Server stopped: {running_time: 2m 46.32s, instances_count: 1, views_count: 1, os_name: Windows 10, jpro_version: 2024.4.1, reason: jvm-shutdown} - AsyncAppender-Worker-ASYNCSTDOUT
2024-11-23 19:21:08,551 [INFO] in AsyncAppender-Worker-ASYNCSTDOUT - [[34mINFO [0;39m] c.jpro.activity - Closing the server -> used memory: 111 MB  -  free system memory: 363 MB - AsyncAppender-Worker-ASYNCSTDOUT
2024-11-23 19:23:43,506 [INFO] in AsyncAppender-Worker-ASYNCSTDOUT - [[34mINFO [0;39m] c.jpro.activity - Starting the server - AsyncAppender-Worker-ASYNCSTDOUT
2024-11-23 19:23:43,507 [INFO] in AsyncAppender-Worker-ASYNCSTDOUT - [[34mINFO [0;39m] c.j.i.s.JProInitializer$ -  *** Starting JPro: https://www.jpro.one/ *** - AsyncAppender-Worker-ASYNCSTDOUT
2024-11-23 19:23:43,508 [INFO] in AsyncAppender-Worker-ASYNCSTDOUT - [[34mINFO [0;39m] c.j.i.s.JProInitializer$ - OS: Windows 10 - AsyncAppender-Worker-ASYNCSTDOUT
2024-11-23 19:23:43,529 [INFO] in AsyncAppender-Worker-ASYNCSTDOUT - [[34mINFO [0;39m] c.j.i.s.JProInitializer$ - JPro: 2024.4.1 - AsyncAppender-Worker-ASYNCSTDOUT
2024-11-23 19:23:43,529 [INFO] in AsyncAppender-Worker-ASYNCSTDOUT - [[34mINFO [0;39m] c.j.i.s.JProInitializer$ - Java version: 22.0.2 - AsyncAppender-Worker-ASYNCSTDOUT
2024-11-23 19:23:43,529 [INFO] in AsyncAppender-Worker-ASYNCSTDOUT - [[34mINFO [0;39m] c.j.i.s.JProInitializer$ - JVM: 22.0.2 Oracle Corporation - AsyncAppender-Worker-ASYNCSTDOUT
2024-11-23 19:23:43,535 [INFO] in AsyncAppender-Worker-ASYNCSTDOUT - [[34mINFO [0;39m] c.j.i.s.JProInitializer$ - JavaFX jar: file:/C:/Users/ZaBaDeV/.m2/repository/org/openjfx/javafx-graphics/23.0.1-jpro/javafx-graphics-23.0.1-jpro-win.jar - AsyncAppender-Worker-ASYNCSTDOUT
2024-11-23 19:23:43,545 [INFO] in AsyncAppender-Worker-ASYNCSTDOUT - [[34mINFO [0;39m] c.j.i.s.JProInitializer$ - Configuring logging from url: 'jar:file:/C:/Users/ZaBaDeV/.m2/repository/one/jpro/jpro-server_2.12/2024.4.1/jpro-server_2.12-2024.4.1.jar!/logback-jpro-default.xml' - AsyncAppender-Worker-ASYNCSTDOUT
2024-11-23 19:23:46,067 [INFO] in AsyncAppender-Worker-ASYNCSTDOUT - [[34mINFO [0;39m] c.j.i.s.JProInitializer$ - JavaFX version: 23.0.1-jpro+0 - AsyncAppender-Worker-ASYNCSTDOUT
2024-11-23 19:23:46,179 [INFO] in JavaFX Application Thread - G1 Young Generation - JavaFX Application Thread
2024-11-23 19:23:46,179 [INFO] in JavaFX Application Thread - G1 Concurrent GC - JavaFX Application Thread
2024-11-23 19:23:46,180 [INFO] in JavaFX Application Thread - G1 Old Generation - JavaFX Application Thread
2024-11-23 19:23:46,236 [INFO] in AsyncAppender-Worker-ASYNCSTDOUT - [[34mINFO [0;39m] c.j.i.s.JProInitializer$ - finished init! - AsyncAppender-Worker-ASYNCSTDOUT
2024-11-23 19:23:46,253 [INFO] in AsyncAppender-Worker-ASYNCSTDOUT - [[34mINFO [0;39m] c.j.i.s.JProInitializer$ - [JPro] -> Server started: {start_time: 1732386223436, os_name: Windows 10, jpro_version: 2024.4.1} - AsyncAppender-Worker-ASYNCSTDOUT
2024-11-23 19:23:46,658 [INFO] in AsyncAppender-Worker-ASYNCSTDOUT - [[34mINFO [0;39m] a.e.s.Slf4jLogger - Slf4jLogger started - AsyncAppender-Worker-ASYNCSTDOUT
2024-11-23 19:23:49,123 [INFO] in AsyncAppender-Worker-ASYNCSTDOUT - [[34mINFO [0;39m] play.api.Play - Application started (Prod) (no global state) - AsyncAppender-Worker-ASYNCSTDOUT
2024-11-23 19:23:50,873 [INFO] in AsyncAppender-Worker-ASYNCSTDOUT - [[34mINFO [0;39m] p.c.s.AkkaHttpServer - Enabling HTTP/2 on Akka HTTP server... - AsyncAppender-Worker-ASYNCSTDOUT
2024-11-23 19:23:50,875 [INFO] in AsyncAppender-Worker-ASYNCSTDOUT - [[34mINFO [0;39m] p.c.s.AkkaHttpServer - Listening for HTTP on /[0:0:0:0:0:0:0:0]:8080 - AsyncAppender-Worker-ASYNCSTDOUT
2024-11-23 19:23:57,594 [INFO] in AsyncAppender-Worker-ASYNCSTDOUT - [[34mINFO [0;39m] c.jpro - application requested: default params: Map() - AsyncAppender-Worker-ASYNCSTDOUT
2024-11-23 19:23:57,611 [INFO] in AsyncAppender-Worker-ASYNCSTDOUT - [[34mINFO [0;39m] c.jpro - Creating Application: default - AsyncAppender-Worker-ASYNCSTDOUT
2024-11-23 19:23:57,629 [INFO] in AsyncAppender-Worker-ASYNCSTDOUT - [[34mINFO [0;39m] c.jpro - remoteAddress 0:0:0:0:0:0:0:1 - AsyncAppender-Worker-ASYNCSTDOUT
2024-11-23 19:23:57,629 [INFO] in AsyncAppender-Worker-ASYNCSTDOUT - [[34mINFO [0;39m] c.jpro - host          localhost:8080 - AsyncAppender-Worker-ASYNCSTDOUT
2024-11-23 19:23:57,629 [INFO] in AsyncAppender-Worker-ASYNCSTDOUT - [[34mINFO [0;39m] c.jpro - uri           /app/ws/default - AsyncAppender-Worker-ASYNCSTDOUT
2024-11-23 19:24:02,557 [INFO] in AsyncAppender-Worker-ASYNCSTDOUT - [[34mINFO [0;39m] c.j.i.s.ViewInfo$ - [JPro] -> View created: {app_name: default, host_name: localhost:8080, instance_id: 1351001640, browser: Google Chrome 131.0.0.0, browser_url: http://localhost:8080/, client_ip: 0:0:0:0:0:0:0:1} - AsyncAppender-Worker-ASYNCSTDOUT
2024-11-23 19:24:05,017 [INFO] in AsyncAppender-Worker-ASYNCSTDOUT - [[34mINFO [0;39m] c.j.i.c.InstanceImpl - [JPro] -> Instance created: {app_name: default, host_name: localhost:8080, instance_id: 1351001640, browser: Google Chrome 131.0.0.0, browser_url: http://localhost:8080/, client_ip: 0:0:0:0:0:0:0:1} - AsyncAppender-Worker-ASYNCSTDOUT
2024-11-23 19:24:06,251 [INFO] in AsyncAppender-Worker-ASYNCSTDOUT - [[1;31mERROR[0;39m] c.j.m.s.FXSerializer$$anon$1 - couldn't wrap node ... class: javafx.scene.AmbientLight ... javafx.scene.LightBase - AsyncAppender-Worker-ASYNCSTDOUT
2024-11-23 19:24:06,865 [INFO] in AsyncAppender-Worker-ASYNCSTDOUT - [[31mWARN [0;39m] com.jpro.JS - received msg: unknown blendmode: DSRC_ATOP - AsyncAppender-Worker-ASYNCSTDOUT
2024-11-23 19:24:06,896 [INFO] in AsyncAppender-Worker-ASYNCSTDOUT - [[31mWARN [0;39m] com.jpro.JS - received msg: unimplemented node type: UnknownPart(NodePart(OwnExtension(ID(410),ID(411),ID(412),ID(413),ID(414),ID(415),ID(416),None,ID(417),ID(418)),ID(419),ID(420),ID(421),ID(422),ID(423),ID(424),ID(425),ID(426),ID(427),ID(428),ID(429),ID(430),ID(431),ID(432),ID(433),ID(434)),class: javafx.scene.AmbientLight ... javafx.scene.LightBase) (id: 435 token: UnknownPart(NodePart(OwnExtension(ID(410),ID(411),ID(412),ID(413),ID(414),ID(415),ID(416),None,ID(417),ID(418)),ID(419),ID(420),ID(421),ID(422),ID(423),ID(424),ID(425),ID(426),ID(427),ID(428),ID(429),ID(430),ID(431),ID(432),ID(433),ID(434)),class: javafx.scene.AmbientLight ... javafx.scene.LightBase)) - AsyncAppender-Worker-ASYNCSTDOUT
2024-11-23 19:24:14,015 [INFO] in AsyncAppender-Worker-ASYNCSTDOUT - [[31mWARN [0;39m] com.jpro.JS - received msg: unknown blendmode: DSRC_ATOP - AsyncAppender-Worker-ASYNCSTDOUT
2024-11-23 19:24:47,025 [INFO] in AsyncAppender-Worker-ASYNCSTDOUT - [[1;31mERROR[0;39m] c.j.m.s.FXSerializer$$anon$1 - couldn't wrap node ... class: javafx.scene.AmbientLight ... javafx.scene.LightBase - AsyncAppender-Worker-ASYNCSTDOUT
2024-11-23 19:24:47,219 [INFO] in AsyncAppender-Worker-ASYNCSTDOUT - [[31mWARN [0;39m] com.jpro.JS - received msg: unknown blendmode: DSRC_ATOP - AsyncAppender-Worker-ASYNCSTDOUT
2024-11-23 19:24:47,228 [INFO] in AsyncAppender-Worker-ASYNCSTDOUT - [[31mWARN [0;39m] com.jpro.JS - received msg: unimplemented node type: UnknownPart(NodePart(OwnExtension(ID(2405),ID(2406),ID(2407),ID(2408),ID(2409),ID(2410),ID(2411),None,ID(2412),ID(2413)),ID(2414),ID(2415),ID(2416),ID(2417),ID(2418),ID(2419),ID(2420),ID(2421),ID(2422),ID(2423),ID(2424),ID(2425),ID(2426),ID(2427),ID(2428),ID(2429)),class: javafx.scene.AmbientLight ... javafx.scene.LightBase) (id: 2430 token: UnknownPart(NodePart(OwnExtension(ID(2405),ID(2406),ID(2407),ID(2408),ID(2409),ID(2410),ID(2411),None,ID(2412),ID(2413)),ID(2414),ID(2415),ID(2416),ID(2417),ID(2418),ID(2419),ID(2420),ID(2421),ID(2422),ID(2423),ID(2424),ID(2425),ID(2426),ID(2427),ID(2428),ID(2429)),class: javafx.scene.AmbientLight ... javafx.scene.LightBase)) - AsyncAppender-Worker-ASYNCSTDOUT
2024-11-23 19:31:42,572 [INFO] in AsyncAppender-Worker-ASYNCSTDOUT - [[34mINFO [0;39m] c.j.i.s.ViewInfo$ - [JPro] -> View closed: {app_name: default, host_name: localhost:8080, instance_id: 1351001640, browser: Google Chrome 131.0.0.0, browser_url: http://localhost:8080/, client_ip: 0:0:0:0:0:0:0:1, reason: tab-closed} - AsyncAppender-Worker-ASYNCSTDOUT
2024-11-23 19:31:42,587 [INFO] in AsyncAppender-Worker-ASYNCSTDOUT - [[34mINFO [0;39m] c.j.i.s.ViewInfo$ -  - AsyncAppender-Worker-ASYNCSTDOUT
2024-11-23 19:31:42,588 [INFO] in AsyncAppender-Worker-ASYNCSTDOUT - [[34mINFO [0;39m] c.j.i.s.ViewInfo$ - Application closed: - AsyncAppender-Worker-ASYNCSTDOUT
2024-11-23 19:31:42,613 [INFO] in AsyncAppender-Worker-ASYNCSTDOUT - [[34mINFO [0;39m] c.j.i.s.ViewInfo$ - startTime      : Sat Nov 23 19:31:42 CET 2024       - AsyncAppender-Worker-ASYNCSTDOUT
2024-11-23 19:31:42,613 [INFO] in AsyncAppender-Worker-ASYNCSTDOUT - [[34mINFO [0;39m] c.j.i.s.ViewInfo$ - averageLatency : 00:00:00.002  - AsyncAppender-Worker-ASYNCSTDOUT
2024-11-23 19:31:42,614 [INFO] in AsyncAppender-Worker-ASYNCSTDOUT - [[34mINFO [0;39m] c.j.i.s.ViewInfo$ - averageJitter  : 00:00:00.000   - AsyncAppender-Worker-ASYNCSTDOUT
2024-11-23 19:31:42,615 [INFO] in AsyncAppender-Worker-ASYNCSTDOUT - [[34mINFO [0;39m] c.j.i.s.ViewInfo$ - framerateServer: 00:00:00.000 - AsyncAppender-Worker-ASYNCSTDOUT
2024-11-23 19:31:42,618 [INFO] in AsyncAppender-Worker-ASYNCSTDOUT - [[34mINFO [0;39m] c.j.i.s.ViewInfo$ - framerateClient: 00:00:00.000 - AsyncAppender-Worker-ASYNCSTDOUT
2024-11-23 19:31:42,620 [INFO] in AsyncAppender-Worker-ASYNCSTDOUT - [[34mINFO [0;39m] c.j.i.s.ViewInfo$ - raw            : 490109 - AsyncAppender-Worker-ASYNCSTDOUT
2024-11-23 19:31:42,621 [INFO] in AsyncAppender-Worker-ASYNCSTDOUT - [[34mINFO [0;39m] c.j.i.s.ViewInfo$ - zipped         : 157676 - AsyncAppender-Worker-ASYNCSTDOUT
2024-11-23 19:31:42,622 [INFO] in AsyncAppender-Worker-ASYNCSTDOUT - [[34mINFO [0;39m] c.j.i.s.ViewInfo$ -  - AsyncAppender-Worker-ASYNCSTDOUT
2024-11-23 19:31:43,599 [INFO] in AsyncAppender-Worker-ASYNCSTDOUT - [[34mINFO [0;39m] c.j.i.c.InstanceImpl - [JPro] -> Instance closed: {app_name: default, host_name: localhost:8080, instance_id: 1351001640, browser: Google Chrome 131.0.0.0, browser_url: http://localhost:8080/, client_ip: 0:0:0:0:0:0:0:1, reason: close-tab-closed} - AsyncAppender-Worker-ASYNCSTDOUT
2024-11-23 19:32:19,279 [INFO] in AsyncAppender-Worker-ASYNCSTDOUT - [[34mINFO [0;39m] c.jpro.activity - Starting the server - AsyncAppender-Worker-ASYNCSTDOUT
2024-11-23 19:32:19,281 [INFO] in AsyncAppender-Worker-ASYNCSTDOUT - [[34mINFO [0;39m] c.j.i.s.JProInitializer$ -  *** Starting JPro: https://www.jpro.one/ *** - AsyncAppender-Worker-ASYNCSTDOUT
2024-11-23 19:32:19,282 [INFO] in AsyncAppender-Worker-ASYNCSTDOUT - [[34mINFO [0;39m] c.j.i.s.JProInitializer$ - OS: Windows 10 - AsyncAppender-Worker-ASYNCSTDOUT
2024-11-23 19:32:19,316 [INFO] in AsyncAppender-Worker-ASYNCSTDOUT - [[34mINFO [0;39m] c.j.i.s.JProInitializer$ - JPro: 2024.4.1 - AsyncAppender-Worker-ASYNCSTDOUT
2024-11-23 19:32:19,318 [INFO] in AsyncAppender-Worker-ASYNCSTDOUT - [[34mINFO [0;39m] c.j.i.s.JProInitializer$ - Java version: 22.0.2 - AsyncAppender-Worker-ASYNCSTDOUT
2024-11-23 19:32:19,325 [INFO] in AsyncAppender-Worker-ASYNCSTDOUT - [[34mINFO [0;39m] c.j.i.s.JProInitializer$ - JVM: 22.0.2 Oracle Corporation - AsyncAppender-Worker-ASYNCSTDOUT
2024-11-23 19:32:19,338 [INFO] in AsyncAppender-Worker-ASYNCSTDOUT - [[34mINFO [0;39m] c.j.i.s.JProInitializer$ - JavaFX jar: file:/C:/Users/ZaBaDeV/.m2/repository/org/openjfx/javafx-graphics/23.0.1-jpro/javafx-graphics-23.0.1-jpro-win.jar - AsyncAppender-Worker-ASYNCSTDOUT
2024-11-23 19:32:19,350 [INFO] in AsyncAppender-Worker-ASYNCSTDOUT - [[34mINFO [0;39m] c.j.i.s.JProInitializer$ - Configuring logging from url: 'jar:file:/C:/Users/ZaBaDeV/.m2/repository/one/jpro/jpro-server_2.12/2024.4.1/jpro-server_2.12-2024.4.1.jar!/logback-jpro-default.xml' - AsyncAppender-Worker-ASYNCSTDOUT
2024-11-23 19:32:21,735 [INFO] in AsyncAppender-Worker-ASYNCSTDOUT - [[34mINFO [0;39m] c.j.i.s.JProInitializer$ - JavaFX version: 23.0.1-jpro+0 - AsyncAppender-Worker-ASYNCSTDOUT
2024-11-23 19:32:21,819 [INFO] in JavaFX Application Thread - G1 Young Generation - JavaFX Application Thread
2024-11-23 19:32:21,819 [INFO] in JavaFX Application Thread - G1 Concurrent GC - JavaFX Application Thread
2024-11-23 19:32:21,820 [INFO] in JavaFX Application Thread - G1 Old Generation - JavaFX Application Thread
2024-11-23 19:32:21,868 [INFO] in AsyncAppender-Worker-ASYNCSTDOUT - [[34mINFO [0;39m] c.j.i.s.JProInitializer$ - finished init! - AsyncAppender-Worker-ASYNCSTDOUT
2024-11-23 19:32:21,876 [INFO] in AsyncAppender-Worker-ASYNCSTDOUT - [[34mINFO [0;39m] c.j.i.s.JProInitializer$ - [JPro] -> Server started: {start_time: 1732386739224, os_name: Windows 10, jpro_version: 2024.4.1} - AsyncAppender-Worker-ASYNCSTDOUT
2024-11-23 19:32:22,384 [INFO] in AsyncAppender-Worker-ASYNCSTDOUT - [[34mINFO [0;39m] a.e.s.Slf4jLogger - Slf4jLogger started - AsyncAppender-Worker-ASYNCSTDOUT
2024-11-23 19:32:24,412 [INFO] in AsyncAppender-Worker-ASYNCSTDOUT - [[34mINFO [0;39m] play.api.Play - Application started (Prod) (no global state) - AsyncAppender-Worker-ASYNCSTDOUT
2024-11-23 19:32:26,220 [INFO] in AsyncAppender-Worker-ASYNCSTDOUT - [[34mINFO [0;39m] p.c.s.AkkaHttpServer - Enabling HTTP/2 on Akka HTTP server... - AsyncAppender-Worker-ASYNCSTDOUT
2024-11-23 19:32:26,222 [INFO] in AsyncAppender-Worker-ASYNCSTDOUT - [[34mINFO [0;39m] p.c.s.AkkaHttpServer - Listening for HTTP on /[0:0:0:0:0:0:0:0]:8080 - AsyncAppender-Worker-ASYNCSTDOUT
2024-11-23 19:32:31,016 [INFO] in AsyncAppender-Worker-ASYNCSTDOUT - [[34mINFO [0;39m] c.jpro - application requested: default params: Map() - AsyncAppender-Worker-ASYNCSTDOUT
2024-11-23 19:32:31,028 [INFO] in AsyncAppender-Worker-ASYNCSTDOUT - [[34mINFO [0;39m] c.jpro - Creating Application: default - AsyncAppender-Worker-ASYNCSTDOUT
2024-11-23 19:32:31,035 [INFO] in AsyncAppender-Worker-ASYNCSTDOUT - [[34mINFO [0;39m] c.jpro - remoteAddress 0:0:0:0:0:0:0:1 - AsyncAppender-Worker-ASYNCSTDOUT
2024-11-23 19:32:31,035 [INFO] in AsyncAppender-Worker-ASYNCSTDOUT - [[34mINFO [0;39m] c.jpro - host          localhost:8080 - AsyncAppender-Worker-ASYNCSTDOUT
2024-11-23 19:32:31,036 [INFO] in AsyncAppender-Worker-ASYNCSTDOUT - [[34mINFO [0;39m] c.jpro - uri           /app/ws/default - AsyncAppender-Worker-ASYNCSTDOUT
2024-11-23 19:32:35,220 [INFO] in AsyncAppender-Worker-ASYNCSTDOUT - [[34mINFO [0;39m] c.j.i.s.ViewInfo$ - [JPro] -> View created: {app_name: default, host_name: localhost:8080, instance_id: 1060743802, browser: Google Chrome 131.0.0.0, browser_url: http://localhost:8080/, client_ip: 0:0:0:0:0:0:0:1} - AsyncAppender-Worker-ASYNCSTDOUT
2024-11-23 19:32:37,192 [INFO] in AsyncAppender-Worker-ASYNCSTDOUT - [[34mINFO [0;39m] c.j.i.c.InstanceImpl - [JPro] -> Instance created: {app_name: default, host_name: localhost:8080, instance_id: 1060743802, browser: Google Chrome 131.0.0.0, browser_url: http://localhost:8080/, client_ip: 0:0:0:0:0:0:0:1} - AsyncAppender-Worker-ASYNCSTDOUT
2024-11-23 19:32:38,001 [INFO] in AsyncAppender-Worker-ASYNCSTDOUT - [[1;31mERROR[0;39m] c.j.m.s.FXSerializer$$anon$1 - couldn't wrap node ... class: javafx.scene.AmbientLight ... javafx.scene.LightBase - AsyncAppender-Worker-ASYNCSTDOUT
2024-11-23 19:32:38,690 [INFO] in AsyncAppender-Worker-ASYNCSTDOUT - [[31mWARN [0;39m] com.jpro.JS - received msg: unknown blendmode: DSRC_ATOP - AsyncAppender-Worker-ASYNCSTDOUT
2024-11-23 19:32:38,716 [INFO] in AsyncAppender-Worker-ASYNCSTDOUT - [[31mWARN [0;39m] com.jpro.JS - received msg: unimplemented node type: UnknownPart(NodePart(OwnExtension(ID(410),ID(411),ID(412),ID(413),ID(414),ID(415),ID(416),None,ID(417),ID(418)),ID(419),ID(420),ID(421),ID(422),ID(423),ID(424),ID(425),ID(426),ID(427),ID(428),ID(429),ID(430),ID(431),ID(432),ID(433),ID(434)),class: javafx.scene.AmbientLight ... javafx.scene.LightBase) (id: 435 token: UnknownPart(NodePart(OwnExtension(ID(410),ID(411),ID(412),ID(413),ID(414),ID(415),ID(416),None,ID(417),ID(418)),ID(419),ID(420),ID(421),ID(422),ID(423),ID(424),ID(425),ID(426),ID(427),ID(428),ID(429),ID(430),ID(431),ID(432),ID(433),ID(434)),class: javafx.scene.AmbientLight ... javafx.scene.LightBase)) - AsyncAppender-Worker-ASYNCSTDOUT
2024-11-23 19:32:47,687 [INFO] in AsyncAppender-Worker-ASYNCSTDOUT - [[31mWARN [0;39m] com.jpro.JS - received msg: unknown blendmode: DSRC_ATOP - AsyncAppender-Worker-ASYNCSTDOUT
2024-11-23 19:32:56,402 [INFO] in AsyncAppender-Worker-ASYNCSTDOUT - [[1;31mERROR[0;39m] c.j.m.s.FXSerializer$$anon$1 - couldn't wrap node ... class: javafx.scene.AmbientLight ... javafx.scene.LightBase - AsyncAppender-Worker-ASYNCSTDOUT
2024-11-23 19:32:56,543 [INFO] in AsyncAppender-Worker-ASYNCSTDOUT - [[31mWARN [0;39m] com.jpro.JS - received msg: unknown blendmode: DSRC_ATOP - AsyncAppender-Worker-ASYNCSTDOUT
2024-11-23 19:32:56,551 [INFO] in AsyncAppender-Worker-ASYNCSTDOUT - [[31mWARN [0;39m] com.jpro.JS - received msg: unimplemented node type: UnknownPart(NodePart(OwnExtension(ID(2577),ID(2578),ID(2579),ID(2580),ID(2581),ID(2582),ID(2583),None,ID(2584),ID(2585)),ID(2586),ID(2587),ID(2588),ID(2589),ID(2590),ID(2591),ID(2592),ID(2593),ID(2594),ID(2595),ID(2596),ID(2597),ID(2598),ID(2599),ID(2600),ID(2601)),class: javafx.scene.AmbientLight ... javafx.scene.LightBase) (id: 2602 token: UnknownPart(NodePart(OwnExtension(ID(2577),ID(2578),ID(2579),ID(2580),ID(2581),ID(2582),ID(2583),None,ID(2584),ID(2585)),ID(2586),ID(2587),ID(2588),ID(2589),ID(2590),ID(2591),ID(2592),ID(2593),ID(2594),ID(2595),ID(2596),ID(2597),ID(2598),ID(2599),ID(2600),ID(2601)),class: javafx.scene.AmbientLight ... javafx.scene.LightBase)) - AsyncAppender-Worker-ASYNCSTDOUT
2024-11-23 19:32:58,224 [INFO] in AsyncAppender-Worker-ASYNCSTDOUT - [[31mWARN [0;39m] com.jpro.JS - received msg: unknown blendmode: DSRC_ATOP - AsyncAppender-Worker-ASYNCSTDOUT
2024-11-23 19:33:01,410 [INFO] in AsyncAppender-Worker-ASYNCSTDOUT - [[1;31mERROR[0;39m] c.j.m.s.FXSerializer$$anon$1 - couldn't wrap node ... class: javafx.scene.AmbientLight ... javafx.scene.LightBase - AsyncAppender-Worker-ASYNCSTDOUT
2024-11-23 19:33:01,536 [INFO] in AsyncAppender-Worker-ASYNCSTDOUT - [[31mWARN [0;39m] com.jpro.JS - received msg: unknown blendmode: DSRC_ATOP - AsyncAppender-Worker-ASYNCSTDOUT
2024-11-23 19:33:01,542 [INFO] in AsyncAppender-Worker-ASYNCSTDOUT - [[31mWARN [0;39m] com.jpro.JS - received msg: unimplemented node type: UnknownPart(NodePart(OwnExtension(ID(4680),ID(4681),ID(4682),ID(4683),ID(4684),ID(4685),ID(4686),None,ID(4687),ID(4688)),ID(4689),ID(4690),ID(4691),ID(4692),ID(4693),ID(4694),ID(4695),ID(4696),ID(4697),ID(4698),ID(4699),ID(4700),ID(4701),ID(4702),ID(4703),ID(4704)),class: javafx.scene.AmbientLight ... javafx.scene.LightBase) (id: 4705 token: UnknownPart(NodePart(OwnExtension(ID(4680),ID(4681),ID(4682),ID(4683),ID(4684),ID(4685),ID(4686),None,ID(4687),ID(4688)),ID(4689),ID(4690),ID(4691),ID(4692),ID(4693),ID(4694),ID(4695),ID(4696),ID(4697),ID(4698),ID(4699),ID(4700),ID(4701),ID(4702),ID(4703),ID(4704)),class: javafx.scene.AmbientLight ... javafx.scene.LightBase)) - AsyncAppender-Worker-ASYNCSTDOUT
2024-11-23 19:33:26,173 [INFO] in AsyncAppender-Worker-ASYNCSTDOUT - [[1;31mERROR[0;39m] com.jpro.JS - received msg: got error: scala.scalajs.js.JavaScriptException: TypeError: Cannot read properties of null (reading 'Y') - AsyncAppender-Worker-ASYNCSTDOUT
2024-11-23 19:33:27,516 [INFO] in AsyncAppender-Worker-ASYNCSTDOUT - [[34mINFO [0;39m] p.a.i.l.c.CoordinatedShutdownSupport - Starting synchronous coordinated shutdown with ServerStoppedReason reason and 2147508000 milliseconds timeout - AsyncAppender-Worker-ASYNCSTDOUT
2024-11-23 19:33:27,521 [INFO] in AsyncAppender-Worker-ASYNCSTDOUT - [[34mINFO [0;39m] a.a.CoordinatedShutdown - Running CoordinatedShutdown with reason [ServerStoppedReason] - AsyncAppender-Worker-ASYNCSTDOUT
2024-11-23 19:33:27,525 [INFO] in AsyncAppender-Worker-ASYNCSTDOUT - [[34mINFO [0;39m] p.c.s.AkkaHttpServer - Stopping Akka HTTP server... - AsyncAppender-Worker-ASYNCSTDOUT
2024-11-23 19:33:27,548 [INFO] in AsyncAppender-Worker-ASYNCSTDOUT - [[34mINFO [0;39m] p.c.s.AkkaHttpServer - Terminating server binding for /[0:0:0:0:0:0:0:0]:8080 - AsyncAppender-Worker-ASYNCSTDOUT
2024-11-23 19:33:27,586 [INFO] in AsyncAppender-Worker-ASYNCSTDOUT - [[34mINFO [0;39m] p.c.s.AkkaHttpServer - Running provided shutdown stop hooks - AsyncAppender-Worker-ASYNCSTDOUT
2024-11-23 19:33:27,595 [INFO] in AsyncAppender-Worker-ASYNCSTDOUT - [[34mINFO [0;39m] c.j.i.s.JProInitializer$ - [JPro] -> Server stopped: {running_time: 1m 8.275s, instances_count: 1, views_count: 1, os_name: Windows 10, jpro_version: 2024.4.1, reason: jvm-shutdown} - AsyncAppender-Worker-ASYNCSTDOUT
2024-11-23 19:33:27,595 [INFO] in AsyncAppender-Worker-ASYNCSTDOUT - [[34mINFO [0;39m] c.jpro.activity - Closing the server -> used memory: 92 MB  -  free system memory: 369 MB - AsyncAppender-Worker-ASYNCSTDOUT
